                      :-) GROMACS - gmx mdrun, 2023.2 (-:

Copyright 1991-2023 The GROMACS Authors.
GROMACS is free software; you can redistribute it and/or modify it
under the terms of the GNU Lesser General Public License
as published by the Free Software Foundation; either version 2.1
of the License, or (at your option) any later version.

                         Current GROMACS contributors:
       Mark Abraham           Andrey Alekseenko           Cathrine Bergh      
      Christian Blau            Eliane Briand             Mahesh Doijade      
    Stefan Fleischmann           Vytas Gapsys              Gaurav Garg        
      Sergey Gorelov         Gilles Gouaillardet            Alan Gray         
     M. Eric Irrgang         Farzaneh Jalalypour            Joe Jordan        
    Christoph Junghans        Prashanth Kanduri          Sebastian Keller     
     Carsten Kutzner           Justin A. Lemkul          Magnus Lundborg      
       Pascal Merz              Vedran Miletic            Dmitry Morozov      
       Szilard Pall             Roland Schulz             Michael Shirts      
     Alexey Shvetsov            Balint Soproni         David van der Spoel    
      Philip Turner             Carsten Uphoff           Alessandra Villa     
 Sebastian Wingbermuehle        Artem Zhmurov       

                         Previous GROMACS contributors:
        Emile Apol             Rossen Apostolov           James Barnett       
  Herman J.C. Berendsen          Par Bjelkmar           Viacheslav Bolnykh    
        Kevin Boyd            Aldert van Buuren          Carlo Camilloni      
     Rudi van Drunen            Anton Feenstra           Oliver Fleetwood     
     Gerrit Groenhof            Bert de Groot             Anca Hamuraru       
    Vincent Hindriksen          Victor Holanda           Aleksei Iupinov      
   Dimitrios Karkoulis           Peter Kasson             Sebastian Kehl      
        Jiri Kraus               Per Larsson              Viveca Lindahl      
      Erik Marklund           Pieter Meulenhoff           Teemu Murtola       
       Sander Pronk             Alfons Sijbers            Peter Tieleman      
       Jon Vincent             Teemu Virolainen         Christian Wennberg    
       Maarten Wolf       

                  Coordinated by the GROMACS project leaders:
                    Paul Bauer, Berk Hess, and Erik Lindahl

GROMACS:      gmx mdrun, version 2023.2
Executable:   /usr/local/gromacs/bin/gmx
Data prefix:  /usr/local/gromacs
Working dir:  /home/wael/Wael/Simulations/Azithromycin-6lu7/Molecular Dynamics
Process ID:   30728
Command line:
  gmx mdrun -v -deffnm MD

GROMACS version:    2023.2
Precision:          mixed
Memory model:       64 bit
MPI library:        thread_mpi
OpenMP support:     enabled (GMX_OPENMP_MAX_THREADS = 128)
GPU support:        CUDA
NB cluster size:    8
SIMD instructions:  NONE
CPU FFT library:    fftw-3.3.8-sse2-avx
GPU FFT library:    cuFFT
Multi-GPU FFT:      none
RDTSCP usage:       enabled
TNG support:        enabled
Hwloc support:      disabled
Tracing support:    disabled
C compiler:         /usr/bin/cc GNU 11.4.0
C compiler flags:   -fexcess-precision=fast -funroll-all-loops -Wno-missing-field-initializers -O3 -DNDEBUG
C++ compiler:       /usr/bin/c++ GNU 11.4.0
C++ compiler flags: -fexcess-precision=fast -funroll-all-loops -Wno-missing-field-initializers -Wno-cast-function-type-strict -fopenmp -O3 -DNDEBUG
BLAS library:       
LAPACK library:     
CUDA compiler:      /usr/local/cuda-12.2/bin/nvcc nvcc: NVIDIA (R) Cuda compiler driver;Copyright (c) 2005-2023 NVIDIA Corporation;Built on Tue_Jul_11_02:20:44_PDT_2023;Cuda compilation tools, release 12.2, V12.2.128;Build cuda_12.2.r12.2/compiler.33053471_0
CUDA compiler flags:-std=c++17;--generate-code=arch=compute_50,code=sm_50;--generate-code=arch=compute_52,code=sm_52;--generate-code=arch=compute_60,code=sm_60;--generate-code=arch=compute_61,code=sm_61;--generate-code=arch=compute_70,code=sm_70;--generate-code=arch=compute_75,code=sm_75;--generate-code=arch=compute_80,code=sm_80;--generate-code=arch=compute_86,code=sm_86;--generate-code=arch=compute_89,code=sm_89;--generate-code=arch=compute_90,code=sm_90;-Wno-deprecated-gpu-targets;--generate-code=arch=compute_53,code=sm_53;--generate-code=arch=compute_80,code=sm_80;-use_fast_math;-Xptxas;-warn-double-usage;-Xptxas;-Werror;-D_FORCE_INLINES;-fexcess-precision=fast -funroll-all-loops -Wno-missing-field-initializers -Wno-cast-function-type-strict -fopenmp -O3 -DNDEBUG
CUDA driver:        12.20
CUDA runtime:       12.20


Running on 1 node with total 4 cores, 8 processing units, 1 compatible GPU
Hardware detected on host wael-Inspiron-15-7000-Gaming:
  CPU info:
    Vendor: Intel
    Brand:  Intel(R) Core(TM) i7-7700HQ CPU @ 2.80GHz
    Family: 6   Model: 158   Stepping: 9
    Features: aes apic avx avx2 clfsh cmov cx8 cx16 f16c fma htt intel lahf mmx msr nonstop_tsc pcid pclmuldq pdcm pdpe1gb popcnt pse rdrnd rdtscp sse2 sse3 sse4.1 sse4.2 ssse3 tdt x2apic
  Hardware topology: Basic
    Packages, cores, and logical processors:
    [indices refer to OS logical processors]
      Package  0: [   0   4] [   1   5] [   2   6] [   3   7]
    CPU limit set by OS: -1   Recommended max number of threads: 8
  GPU info:
    Number of GPUs detected: 1
    #0: NVIDIA NVIDIA GeForce GTX 1050 Ti, compute cap.: 6.1, ECC:  no, stat: compatible

Likely fastest SIMD instructions supported by all nodes: AVX2_256
SIMD instructions selected at compile time:              None


++++ PLEASE READ AND CITE THE FOLLOWING REFERENCE ++++
M. J. Abraham, T. Murtola, R. Schulz, S. Páll, J. C. Smith, B. Hess, E.
Lindahl
GROMACS: High performance molecular simulations through multi-level
parallelism from laptops to supercomputers
SoftwareX 1 (2015) pp. 19-25
-------- -------- --- Thank You --- -------- --------


++++ PLEASE READ AND CITE THE FOLLOWING REFERENCE ++++
S. Páll, M. J. Abraham, C. Kutzner, B. Hess, E. Lindahl
Tackling Exascale Software Challenges in Molecular Dynamics Simulations with
GROMACS
In S. Markidis & E. Laure (Eds.), Solving Software Challenges for Exascale 8759 (2015) pp. 3-27
-------- -------- --- Thank You --- -------- --------


++++ PLEASE READ AND CITE THE FOLLOWING REFERENCE ++++
S. Pronk, S. Páll, R. Schulz, P. Larsson, P. Bjelkmar, R. Apostolov, M. R.
Shirts, J. C. Smith, P. M. Kasson, D. van der Spoel, B. Hess, and E. Lindahl
GROMACS 4.5: a high-throughput and highly parallel open source molecular
simulation toolkit
Bioinformatics 29 (2013) pp. 845-54
-------- -------- --- Thank You --- -------- --------


++++ PLEASE READ AND CITE THE FOLLOWING REFERENCE ++++
B. Hess and C. Kutzner and D. van der Spoel and E. Lindahl
GROMACS 4: Algorithms for highly efficient, load-balanced, and scalable
molecular simulation
J. Chem. Theory Comput. 4 (2008) pp. 435-447
-------- -------- --- Thank You --- -------- --------


++++ PLEASE READ AND CITE THE FOLLOWING REFERENCE ++++
D. van der Spoel, E. Lindahl, B. Hess, G. Groenhof, A. E. Mark and H. J. C.
Berendsen
GROMACS: Fast, Flexible and Free
J. Comp. Chem. 26 (2005) pp. 1701-1719
-------- -------- --- Thank You --- -------- --------


++++ PLEASE READ AND CITE THE FOLLOWING REFERENCE ++++
E. Lindahl and B. Hess and D. van der Spoel
GROMACS 3.0: A package for molecular simulation and trajectory analysis
J. Mol. Mod. 7 (2001) pp. 306-317
-------- -------- --- Thank You --- -------- --------


++++ PLEASE READ AND CITE THE FOLLOWING REFERENCE ++++
H. J. C. Berendsen, D. van der Spoel and R. van Drunen
GROMACS: A message-passing parallel molecular dynamics implementation
Comp. Phys. Comm. 91 (1995) pp. 43-56
-------- -------- --- Thank You --- -------- --------


++++ PLEASE CITE THE DOI FOR THIS VERSION OF GROMACS ++++
https://doi.org/10.5281/zenodo.8134397
-------- -------- --- Thank You --- -------- --------

Input Parameters:
   integrator                     = md
   tinit                          = 0
   dt                             = 0.002
   nsteps                         = 500000
   init-step                      = 0
   simulation-part                = 1
   mts                            = false
   comm-mode                      = Linear
   nstcomm                        = 100
   bd-fric                        = 0
   ld-seed                        = 2147352503
   emtol                          = 10
   emstep                         = 0.01
   niter                          = 20
   fcstep                         = 0
   nstcgsteep                     = 1000
   nbfgscorr                      = 10
   rtpi                           = 0.05
   nstxout                        = 0
   nstvout                        = 0
   nstfout                        = 0
   nstlog                         = 5000
   nstcalcenergy                  = 100
   nstenergy                      = 5000
   nstxout-compressed             = 5000
   compressed-x-precision         = 1000
   cutoff-scheme                  = Verlet
   nstlist                        = 20
   pbc                            = xyz
   periodic-molecules             = false
   verlet-buffer-tolerance        = 0.005
   rlist                          = 1.222
   coulombtype                    = PME
   coulomb-modifier               = Potential-shift
   rcoulomb-switch                = 0
   rcoulomb                       = 1.2
   epsilon-r                      = 1
   epsilon-rf                     = inf
   vdw-type                       = Cut-off
   vdw-modifier                   = Force-switch
   rvdw-switch                    = 1
   rvdw                           = 1.2
   DispCorr                       = No
   table-extension                = 1
   fourierspacing                 = 0.16
   fourier-nx                     = 64
   fourier-ny                     = 64
   fourier-nz                     = 64
   pme-order                      = 4
   ewald-rtol                     = 1e-05
   ewald-rtol-lj                  = 0.001
   lj-pme-comb-rule               = Geometric
   ewald-geometry                 = 3d
   epsilon-surface                = 0
   ensemble-temperature-setting   = constant
   ensemble-temperature           = 300
   tcoupl                         = V-rescale
   nsttcouple                     = 10
   nh-chain-length                = 0
   print-nose-hoover-chain-variables = false
   pcoupl                         = Parrinello-Rahman
   pcoupltype                     = Isotropic
   nstpcouple                     = 50
   tau-p                          = 2
   compressibility (3x3):
      compressibility[    0]={ 4.50000e-05,  0.00000e+00,  0.00000e+00}
      compressibility[    1]={ 0.00000e+00,  4.50000e-05,  0.00000e+00}
      compressibility[    2]={ 0.00000e+00,  0.00000e+00,  4.50000e-05}
   ref-p (3x3):
      ref-p[    0]={ 1.00000e+00,  0.00000e+00,  0.00000e+00}
      ref-p[    1]={ 0.00000e+00,  1.00000e+00,  0.00000e+00}
      ref-p[    2]={ 0.00000e+00,  0.00000e+00,  1.00000e+00}
   refcoord-scaling               = No
   posres-com (3):
      posres-com[0]= 0.00000e+00
      posres-com[1]= 0.00000e+00
      posres-com[2]= 0.00000e+00
   posres-comB (3):
      posres-comB[0]= 0.00000e+00
      posres-comB[1]= 0.00000e+00
      posres-comB[2]= 0.00000e+00
   QMMM                           = false
qm-opts:
   ngQM                           = 0
   constraint-algorithm           = Lincs
   continuation                   = true
   Shake-SOR                      = false
   shake-tol                      = 0.0001
   lincs-order                    = 4
   lincs-iter                     = 1
   lincs-warnangle                = 30
   nwall                          = 0
   wall-type                      = 9-3
   wall-r-linpot                  = -1
   wall-atomtype[0]               = -1
   wall-atomtype[1]               = -1
   wall-density[0]                = 0
   wall-density[1]                = 0
   wall-ewald-zfac                = 3
   pull                           = false
   awh                            = false
   rotation                       = false
   interactiveMD                  = false
   disre                          = No
   disre-weighting                = Conservative
   disre-mixed                    = false
   dr-fc                          = 1000
   dr-tau                         = 0
   nstdisreout                    = 100
   orire-fc                       = 0
   orire-tau                      = 0
   nstorireout                    = 100
   free-energy                    = no
   cos-acceleration               = 0
   deform (3x3):
      deform[    0]={ 0.00000e+00,  0.00000e+00,  0.00000e+00}
      deform[    1]={ 0.00000e+00,  0.00000e+00,  0.00000e+00}
      deform[    2]={ 0.00000e+00,  0.00000e+00,  0.00000e+00}
   simulated-tempering            = false
   swapcoords                     = no
   userint1                       = 0
   userint2                       = 0
   userint3                       = 0
   userint4                       = 0
   userreal1                      = 0
   userreal2                      = 0
   userreal3                      = 0
   userreal4                      = 0
   applied-forces:
     electric-field:
       x:
         E0                       = 0
         omega                    = 0
         t0                       = 0
         sigma                    = 0
       y:
         E0                       = 0
         omega                    = 0
         t0                       = 0
         sigma                    = 0
       z:
         E0                       = 0
         omega                    = 0
         t0                       = 0
         sigma                    = 0
     density-guided-simulation:
       active                     = false
       group                      = protein
       similarity-measure         = inner-product
       atom-spreading-weight      = unity
       force-constant             = 1e+09
       gaussian-transform-spreading-width = 0.2
       gaussian-transform-spreading-range-in-multiples-of-width = 4
       reference-density-filename = reference.mrc
       nst                        = 1
       normalize-densities        = true
       adaptive-force-scaling     = false
       adaptive-force-scaling-time-constant = 4
       shift-vector               = 
       transformation-matrix      = 
     qmmm-cp2k:
       active                     = false
       qmgroup                    = System
       qmmethod                   = PBE
       qmfilenames                = 
       qmcharge                   = 0
       qmmultiplicity             = 1
grpopts:
   nrdf:     11927.8      167613
   ref-t:         300         300
   tau-t:         0.1         0.1
annealing:          No          No
annealing-npoints:           0           0
   acc:	           0           0           0
   nfreeze:           N           N           N
   energygrp-flags[  0]: 0

Changing nstlist from 20 to 100, rlist from 1.222 to 1.342

Update groups can not be used for this system because atoms that are (in)directly constrained together are interdispersed with other atoms

1 GPU selected for this run.
Mapping of GPU IDs to the 2 GPU tasks in the 1 rank on this node:
  PP:0,PME:0
PP tasks will do (non-perturbed) short-ranged interactions on the GPU
PP task will update and constrain coordinates on the GPU
PME tasks will do all aspects on the GPU
Using 1 MPI thread
Using 8 OpenMP threads 

System total charge: 0.000
Will do PME sum in reciprocal space for electrostatic interactions.

++++ PLEASE READ AND CITE THE FOLLOWING REFERENCE ++++
U. Essmann, L. Perera, M. L. Berkowitz, T. Darden, H. Lee and L. G. Pedersen 
A smooth particle mesh Ewald method
J. Chem. Phys. 103 (1995) pp. 8577-8592
-------- -------- --- Thank You --- -------- --------

Using a Gaussian width (1/beta) of 0.384195 nm for Ewald
Potential shift: LJ r^-12: -2.648e-01 r^-6: -5.349e-01, Ewald -8.333e-06
Initialized non-bonded Coulomb Ewald tables, spacing: 1.02e-03 size: 1176

Generated table with 1171 data points for 1-4 COUL.
Tabscale = 500 points/nm
Generated table with 1171 data points for 1-4 LJ6.
Tabscale = 500 points/nm
Generated table with 1171 data points for 1-4 LJ12.
Tabscale = 500 points/nm


Using GPU 8x8 nonbonded short-range kernels

Using a dual 8x8 pair-list setup updated with dynamic, rolling pruning:
  outer list: updated every 100 steps, buffer 0.142 nm, rlist 1.342 nm
  inner list: updated every  12 steps, buffer 0.004 nm, rlist 1.204 nm
At tolerance 0.005 kJ/mol/ps per atom, equivalent classical 1x1 list would be:
  outer list: updated every 100 steps, buffer 0.295 nm, rlist 1.495 nm
  inner list: updated every  12 steps, buffer 0.053 nm, rlist 1.253 nm

Pinning threads with an auto-selected logical cpu stride of 1

Initializing LINear Constraint Solver

++++ PLEASE READ AND CITE THE FOLLOWING REFERENCE ++++
B. Hess and H. Bekker and H. J. C. Berendsen and J. G. E. M. Fraaije
LINCS: A Linear Constraint Solver for molecular simulations
J. Comp. Chem. 18 (1997) pp. 1463-1472
-------- -------- --- Thank You --- -------- --------

The number of constraints is 2349

++++ PLEASE READ AND CITE THE FOLLOWING REFERENCE ++++
S. Miyamoto and P. A. Kollman
SETTLE: An Analytical Version of the SHAKE and RATTLE Algorithms for Rigid
Water Models
J. Comp. Chem. 13 (1992) pp. 952-962
-------- -------- --- Thank You --- -------- --------


++++ PLEASE READ AND CITE THE FOLLOWING REFERENCE ++++
G. Bussi, D. Donadio and M. Parrinello
Canonical sampling through velocity rescaling
J. Chem. Phys. 126 (2007) pp. 014101
-------- -------- --- Thank You --- -------- --------

There are: 88511 Atoms

Updating coordinates and applying constraints on the GPU.
Center of mass motion removal mode is Linear
We have the following groups for center of mass motion removal:
  0:  rest

Started mdrun on rank 0 Sun Sep  3 03:42:04 2023

           Step           Time
              0        0.00000

   Energies (kJ/mol)
           Bond          Angle            U-B    Proper Dih.  Improper Dih.
    3.75987e+03    3.21250e+02    1.04893e+04    6.87413e+03    6.61156e+02
      CMAP Dih.          LJ-14     Coulomb-14        LJ (SR)   Coulomb (SR)
   -1.61774e+03    3.95834e+03    5.61968e+04    1.65812e+05   -1.42695e+06
   Coul. recip.      Potential    Kinetic En.   Total Energy  Conserved En.
    4.29932e+03   -1.17619e+06    2.25853e+05   -9.50340e+05   -9.50286e+05
    Temperature Pressure (bar)   Constr. rmsd
    3.02593e+02    1.54316e+02    0.00000e+00

step  800: timed with pme grid 64 64 64, coulomb cutoff 1.200: 2038.9 M-cycles
step 1000: timed with pme grid 56 56 56, coulomb cutoff 1.292: 2408.3 M-cycles
step 1200: timed with pme grid 60 60 60, coulomb cutoff 1.206: 2130.8 M-cycles
step 1400: timed with pme grid 64 64 64, coulomb cutoff 1.200: 2046.8 M-cycles
              optimal pme grid 64 64 64, coulomb cutoff 1.200
           Step           Time
           5000       10.00000

   Energies (kJ/mol)
           Bond          Angle            U-B    Proper Dih.  Improper Dih.
    3.91846e+03    3.12676e+02    1.06913e+04    6.88005e+03    6.54661e+02
      CMAP Dih.          LJ-14     Coulomb-14        LJ (SR)   Coulomb (SR)
   -1.62952e+03    3.77171e+03    5.59137e+04    1.64843e+05   -1.42747e+06
   Coul. recip.      Potential    Kinetic En.   Total Energy  Conserved En.
    4.19901e+03   -1.17791e+06    2.23245e+05   -9.54666e+05   -9.49964e+05
    Temperature Pressure (bar)   Constr. rmsd
    2.99098e+02    5.16575e+00    0.00000e+00

           Step           Time
          10000       20.00000

   Energies (kJ/mol)
           Bond          Angle            U-B    Proper Dih.  Improper Dih.
    3.74181e+03    3.23845e+02    1.05940e+04    6.92181e+03    6.49968e+02
      CMAP Dih.          LJ-14     Coulomb-14        LJ (SR)   Coulomb (SR)
   -1.63193e+03    3.63453e+03    5.60628e+04    1.65969e+05   -1.42968e+06
   Coul. recip.      Potential    Kinetic En.   Total Energy  Conserved En.
    4.28701e+03   -1.17913e+06    2.24081e+05   -9.55044e+05   -9.49700e+05
    Temperature Pressure (bar)   Constr. rmsd
    3.00218e+02   -1.75659e+01    0.00000e+00

           Step           Time
          15000       30.00000

   Energies (kJ/mol)
           Bond          Angle            U-B    Proper Dih.  Improper Dih.
    3.84130e+03    3.66489e+02    1.06382e+04    6.96529e+03    6.82419e+02
      CMAP Dih.          LJ-14     Coulomb-14        LJ (SR)   Coulomb (SR)
   -1.69609e+03    3.77417e+03    5.58667e+04    1.65220e+05   -1.42719e+06
   Coul. recip.      Potential    Kinetic En.   Total Energy  Conserved En.
    4.26679e+03   -1.17726e+06    2.24130e+05   -9.53134e+05   -9.49397e+05
    Temperature Pressure (bar)   Constr. rmsd
    3.00285e+02    5.43094e+01    0.00000e+00

           Step           Time
          20000       40.00000

   Energies (kJ/mol)
           Bond          Angle            U-B    Proper Dih.  Improper Dih.
    3.78570e+03    2.99870e+02    1.04096e+04    6.97478e+03    6.54010e+02
      CMAP Dih.          LJ-14     Coulomb-14        LJ (SR)   Coulomb (SR)
   -1.62823e+03    3.70229e+03    5.57935e+04    1.66600e+05   -1.42993e+06
   Coul. recip.      Potential    Kinetic En.   Total Energy  Conserved En.
    4.28544e+03   -1.17906e+06    2.24136e+05   -9.54920e+05   -9.49058e+05
    Temperature Pressure (bar)   Constr. rmsd
    3.00292e+02    1.88251e+02    0.00000e+00

           Step           Time
          25000       50.00000

   Energies (kJ/mol)
           Bond          Angle            U-B    Proper Dih.  Improper Dih.
    3.76266e+03    3.02883e+02    1.04513e+04    6.94626e+03    6.34408e+02
      CMAP Dih.          LJ-14     Coulomb-14        LJ (SR)   Coulomb (SR)
   -1.55915e+03    3.73995e+03    5.60273e+04    1.65362e+05   -1.42871e+06
   Coul. recip.      Potential    Kinetic En.   Total Energy  Conserved En.
    4.24586e+03   -1.17879e+06    2.24874e+05   -9.53919e+05   -9.48831e+05
    Temperature Pressure (bar)   Constr. rmsd
    3.01281e+02    3.57896e+01    0.00000e+00

           Step           Time
          30000       60.00000

   Energies (kJ/mol)
           Bond          Angle            U-B    Proper Dih.  Improper Dih.
    4.01128e+03    3.52543e+02    1.01644e+04    6.98126e+03    6.50647e+02
      CMAP Dih.          LJ-14     Coulomb-14        LJ (SR)   Coulomb (SR)
   -1.73153e+03    3.70702e+03    5.58893e+04    1.64529e+05   -1.42645e+06
   Coul. recip.      Potential    Kinetic En.   Total Energy  Conserved En.
    4.08889e+03   -1.17780e+06    2.23200e+05   -9.54604e+05   -9.48512e+05
    Temperature Pressure (bar)   Constr. rmsd
    2.99037e+02   -6.94901e+01    0.00000e+00

           Step           Time
          35000       70.00000

   Energies (kJ/mol)
           Bond          Angle            U-B    Proper Dih.  Improper Dih.
    3.93579e+03    3.28167e+02    1.05418e+04    6.98165e+03    6.36913e+02
      CMAP Dih.          LJ-14     Coulomb-14        LJ (SR)   Coulomb (SR)
   -1.62748e+03    3.62791e+03    5.57192e+04    1.66946e+05   -1.43227e+06
   Coul. recip.      Potential    Kinetic En.   Total Energy  Conserved En.
    4.25264e+03   -1.18093e+06    2.22345e+05   -9.58581e+05   -9.48187e+05
    Temperature Pressure (bar)   Constr. rmsd
    2.97892e+02    8.37705e+01    0.00000e+00

           Step           Time
          40000       80.00000

   Energies (kJ/mol)
           Bond          Angle            U-B    Proper Dih.  Improper Dih.
    3.92206e+03    3.22713e+02    1.05065e+04    6.85927e+03    6.30245e+02
      CMAP Dih.          LJ-14     Coulomb-14        LJ (SR)   Coulomb (SR)
   -1.63469e+03    3.70069e+03    5.58311e+04    1.64505e+05   -1.42761e+06
   Coul. recip.      Potential    Kinetic En.   Total Energy  Conserved En.
    4.28271e+03   -1.17869e+06    2.22765e+05   -9.55924e+05   -9.47935e+05
    Temperature Pressure (bar)   Constr. rmsd
    2.98456e+02   -2.34168e+01    0.00000e+00

           Step           Time
          45000       90.00000

   Energies (kJ/mol)
           Bond          Angle            U-B    Proper Dih.  Improper Dih.
    3.72453e+03    2.94064e+02    1.07212e+04    6.85744e+03    6.65963e+02
      CMAP Dih.          LJ-14     Coulomb-14        LJ (SR)   Coulomb (SR)
   -1.70402e+03    3.73658e+03    5.60862e+04    1.66388e+05   -1.42755e+06
   Coul. recip.      Potential    Kinetic En.   Total Energy  Conserved En.
    4.19829e+03   -1.17659e+06    2.23427e+05   -9.53159e+05   -9.47827e+05
    Temperature Pressure (bar)   Constr. rmsd
    2.99343e+02    6.20113e+01    0.00000e+00

           Step           Time
          50000      100.00000

   Energies (kJ/mol)
           Bond          Angle            U-B    Proper Dih.  Improper Dih.
    3.89517e+03    2.93541e+02    1.04698e+04    6.83174e+03    6.77585e+02
      CMAP Dih.          LJ-14     Coulomb-14        LJ (SR)   Coulomb (SR)
   -1.65346e+03    3.63449e+03    5.60186e+04    1.65871e+05   -1.42859e+06
   Coul. recip.      Potential    Kinetic En.   Total Energy  Conserved En.
    4.22154e+03   -1.17833e+06    2.23736e+05   -9.54591e+05   -9.47480e+05
    Temperature Pressure (bar)   Constr. rmsd
    2.99756e+02    1.61951e+01    0.00000e+00

           Step           Time
          55000      110.00000

   Energies (kJ/mol)
           Bond          Angle            U-B    Proper Dih.  Improper Dih.
    3.96014e+03    3.47174e+02    1.02426e+04    6.92714e+03    6.56758e+02
      CMAP Dih.          LJ-14     Coulomb-14        LJ (SR)   Coulomb (SR)
   -1.67666e+03    3.72342e+03    5.57760e+04    1.68528e+05   -1.43201e+06
   Coul. recip.      Potential    Kinetic En.   Total Energy  Conserved En.
    4.33703e+03   -1.17919e+06    2.23602e+05   -9.55590e+05   -9.47026e+05
    Temperature Pressure (bar)   Constr. rmsd
    2.99577e+02    9.78116e+01    0.00000e+00

           Step           Time
          60000      120.00000

   Energies (kJ/mol)
           Bond          Angle            U-B    Proper Dih.  Improper Dih.
    4.00027e+03    3.52145e+02    1.04367e+04    6.96261e+03    7.09356e+02
      CMAP Dih.          LJ-14     Coulomb-14        LJ (SR)   Coulomb (SR)
   -1.70817e+03    3.66129e+03    5.59880e+04    1.66986e+05   -1.42977e+06
   Coul. recip.      Potential    Kinetic En.   Total Energy  Conserved En.
    4.31180e+03   -1.17807e+06    2.24785e+05   -9.53284e+05   -9.46815e+05
    Temperature Pressure (bar)   Constr. rmsd
    3.01162e+02    7.30683e+01    0.00000e+00

           Step           Time
          65000      130.00000

   Energies (kJ/mol)
           Bond          Angle            U-B    Proper Dih.  Improper Dih.
    3.84303e+03    3.45181e+02    1.04772e+04    6.74329e+03    6.50399e+02
      CMAP Dih.          LJ-14     Coulomb-14        LJ (SR)   Coulomb (SR)
   -1.60799e+03    3.77679e+03    5.62000e+04    1.64927e+05   -1.42762e+06
   Coul. recip.      Potential    Kinetic En.   Total Energy  Conserved En.
    4.24599e+03   -1.17802e+06    2.23196e+05   -9.54827e+05   -9.46673e+05
    Temperature Pressure (bar)   Constr. rmsd
    2.99032e+02    3.88752e+01    0.00000e+00

           Step           Time
          70000      140.00000

   Energies (kJ/mol)
           Bond          Angle            U-B    Proper Dih.  Improper Dih.
    3.94604e+03    3.70968e+02    1.03861e+04    6.88248e+03    6.08131e+02
      CMAP Dih.          LJ-14     Coulomb-14        LJ (SR)   Coulomb (SR)
   -1.68369e+03    3.72890e+03    5.60976e+04    1.65039e+05   -1.42844e+06
   Coul. recip.      Potential    Kinetic En.   Total Energy  Conserved En.
    4.26607e+03   -1.17880e+06    2.23554e+05   -9.55246e+05   -9.46561e+05
    Temperature Pressure (bar)   Constr. rmsd
    2.99513e+02   -1.20438e+02    0.00000e+00

           Step           Time
          75000      150.00000

   Energies (kJ/mol)
           Bond          Angle            U-B    Proper Dih.  Improper Dih.
    3.85646e+03    3.43817e+02    1.04244e+04    6.94188e+03    6.38721e+02
      CMAP Dih.          LJ-14     Coulomb-14        LJ (SR)   Coulomb (SR)
   -1.70963e+03    3.77701e+03    5.59364e+04    1.65744e+05   -1.42781e+06
   Coul. recip.      Potential    Kinetic En.   Total Energy  Conserved En.
    4.21751e+03   -1.17764e+06    2.24645e+05   -9.52992e+05   -9.46442e+05
    Temperature Pressure (bar)   Constr. rmsd
    3.00975e+02    7.60860e+01    0.00000e+00

           Step           Time
          80000      160.00000

   Energies (kJ/mol)
           Bond          Angle            U-B    Proper Dih.  Improper Dih.
    3.86091e+03    3.27409e+02    1.04406e+04    7.02357e+03    6.75406e+02
      CMAP Dih.          LJ-14     Coulomb-14        LJ (SR)   Coulomb (SR)
   -1.68914e+03    3.71158e+03    5.59825e+04    1.63719e+05   -1.42601e+06
   Coul. recip.      Potential    Kinetic En.   Total Energy  Conserved En.
    4.26972e+03   -1.17768e+06    2.24121e+05   -9.53564e+05   -9.46329e+05
    Temperature Pressure (bar)   Constr. rmsd
    3.00272e+02   -2.02950e+02    0.00000e+00

           Step           Time
          85000      170.00000

   Energies (kJ/mol)
           Bond          Angle            U-B    Proper Dih.  Improper Dih.
    3.80330e+03    3.30034e+02    1.05596e+04    6.84945e+03    6.66706e+02
      CMAP Dih.          LJ-14     Coulomb-14        LJ (SR)   Coulomb (SR)
   -1.68527e+03    3.66328e+03    5.57185e+04    1.64991e+05   -1.42954e+06
   Coul. recip.      Potential    Kinetic En.   Total Energy  Conserved En.
    4.24824e+03   -1.18040e+06    2.24080e+05   -9.56316e+05   -9.46052e+05
    Temperature Pressure (bar)   Constr. rmsd
    3.00216e+02    1.22766e+01    0.00000e+00

           Step           Time
          90000      180.00000

   Energies (kJ/mol)
           Bond          Angle            U-B    Proper Dih.  Improper Dih.
    4.00514e+03    3.26959e+02    1.03748e+04    6.92271e+03    6.51417e+02
      CMAP Dih.          LJ-14     Coulomb-14        LJ (SR)   Coulomb (SR)
   -1.70916e+03    3.67236e+03    5.60266e+04    1.65549e+05   -1.42931e+06
   Coul. recip.      Potential    Kinetic En.   Total Energy  Conserved En.
    4.30420e+03   -1.17918e+06    2.24672e+05   -9.54512e+05   -9.45617e+05
    Temperature Pressure (bar)   Constr. rmsd
    3.01010e+02   -6.21031e+01    0.00000e+00

           Step           Time
          95000      190.00000

   Energies (kJ/mol)
           Bond          Angle            U-B    Proper Dih.  Improper Dih.
    4.17189e+03    2.78145e+02    1.03632e+04    6.99576e+03    6.76260e+02
      CMAP Dih.          LJ-14     Coulomb-14        LJ (SR)   Coulomb (SR)
   -1.65436e+03    3.66045e+03    5.58999e+04    1.67357e+05   -1.42924e+06
   Coul. recip.      Potential    Kinetic En.   Total Energy  Conserved En.
    4.34269e+03   -1.17715e+06    2.23592e+05   -9.53561e+05   -9.45394e+05
    Temperature Pressure (bar)   Constr. rmsd
    2.99564e+02    6.32017e+01    0.00000e+00

           Step           Time
         100000      200.00000

   Energies (kJ/mol)
           Bond          Angle            U-B    Proper Dih.  Improper Dih.
    4.08927e+03    2.54846e+02    1.03962e+04    6.92088e+03    6.88573e+02
      CMAP Dih.          LJ-14     Coulomb-14        LJ (SR)   Coulomb (SR)
   -1.72555e+03    3.65976e+03    5.60762e+04    1.66395e+05   -1.43055e+06
   Coul. recip.      Potential    Kinetic En.   Total Energy  Conserved En.
    4.14836e+03   -1.17965e+06    2.24348e+05   -9.55298e+05   -9.45175e+05
    Temperature Pressure (bar)   Constr. rmsd
    3.00576e+02    2.36744e+01    0.00000e+00

           Step           Time
         105000      210.00000

   Energies (kJ/mol)
           Bond          Angle            U-B    Proper Dih.  Improper Dih.
    3.81761e+03    3.81406e+02    1.04042e+04    6.95982e+03    6.51165e+02
      CMAP Dih.          LJ-14     Coulomb-14        LJ (SR)   Coulomb (SR)
   -1.64223e+03    3.67170e+03    5.61357e+04    1.63823e+05   -1.42653e+06
   Coul. recip.      Potential    Kinetic En.   Total Energy  Conserved En.
    4.24260e+03   -1.17808e+06    2.24988e+05   -9.53092e+05   -9.44961e+05
    Temperature Pressure (bar)   Constr. rmsd
    3.01434e+02   -1.32581e+02    0.00000e+00

           Step           Time
         110000      220.00000

   Energies (kJ/mol)
           Bond          Angle            U-B    Proper Dih.  Improper Dih.
    3.77808e+03    3.43930e+02    1.05158e+04    6.91160e+03    6.70933e+02
      CMAP Dih.          LJ-14     Coulomb-14        LJ (SR)   Coulomb (SR)
   -1.74810e+03    3.66430e+03    5.61085e+04    1.64651e+05   -1.42636e+06
   Coul. recip.      Potential    Kinetic En.   Total Energy  Conserved En.
    4.21911e+03   -1.17725e+06    2.25199e+05   -9.52047e+05   -9.44736e+05
    Temperature Pressure (bar)   Constr. rmsd
    3.01716e+02   -6.18101e+01    0.00000e+00

           Step           Time
         115000      230.00000

   Energies (kJ/mol)
           Bond          Angle            U-B    Proper Dih.  Improper Dih.
    3.86342e+03    3.28421e+02    1.04187e+04    6.83650e+03    6.32942e+02
      CMAP Dih.          LJ-14     Coulomb-14        LJ (SR)   Coulomb (SR)
   -1.75886e+03    3.64581e+03    5.61341e+04    1.65095e+05   -1.42922e+06
   Coul. recip.      Potential    Kinetic En.   Total Energy  Conserved En.
    4.19604e+03   -1.17983e+06    2.23853e+05   -9.55974e+05   -9.44497e+05
    Temperature Pressure (bar)   Constr. rmsd
    2.99913e+02   -2.93452e+01    0.00000e+00

Writing checkpoint, step 117400 at Sun Sep  3 03:57:04 2023


           Step           Time
         120000      240.00000

   Energies (kJ/mol)
           Bond          Angle            U-B    Proper Dih.  Improper Dih.
    3.99308e+03    3.24211e+02    1.03288e+04    6.90362e+03    7.27060e+02
      CMAP Dih.          LJ-14     Coulomb-14        LJ (SR)   Coulomb (SR)
   -1.63018e+03    3.64737e+03    5.60796e+04    1.67688e+05   -1.42981e+06
   Coul. recip.      Potential    Kinetic En.   Total Energy  Conserved En.
    4.20867e+03   -1.17754e+06    2.23336e+05   -9.54208e+05   -9.44243e+05
    Temperature Pressure (bar)   Constr. rmsd
    2.99220e+02    9.45863e+01    0.00000e+00

           Step           Time
         125000      250.00000

   Energies (kJ/mol)
           Bond          Angle            U-B    Proper Dih.  Improper Dih.
    3.68674e+03    3.63024e+02    1.03237e+04    6.99029e+03    6.82673e+02
      CMAP Dih.          LJ-14     Coulomb-14        LJ (SR)   Coulomb (SR)
   -1.68370e+03    3.71713e+03    5.61425e+04    1.64712e+05   -1.42803e+06
   Coul. recip.      Potential    Kinetic En.   Total Energy  Conserved En.
    4.32016e+03   -1.17878e+06    2.23093e+05   -9.55684e+05   -9.43993e+05
    Temperature Pressure (bar)   Constr. rmsd
    2.98894e+02   -7.26203e+01    0.00000e+00

           Step           Time
         130000      260.00000

   Energies (kJ/mol)
           Bond          Angle            U-B    Proper Dih.  Improper Dih.
    3.95447e+03    3.23446e+02    1.02031e+04    6.87508e+03    5.93344e+02
      CMAP Dih.          LJ-14     Coulomb-14        LJ (SR)   Coulomb (SR)
   -1.65049e+03    3.69741e+03    5.57749e+04    1.65278e+05   -1.42862e+06
   Coul. recip.      Potential    Kinetic En.   Total Energy  Conserved En.
    4.27740e+03   -1.17929e+06    2.24393e+05   -9.54900e+05   -9.43740e+05
    Temperature Pressure (bar)   Constr. rmsd
    3.00636e+02   -1.12956e+02    0.00000e+00

           Step           Time
         135000      270.00000

   Energies (kJ/mol)
           Bond          Angle            U-B    Proper Dih.  Improper Dih.
    3.80629e+03    3.40314e+02    1.04688e+04    6.77073e+03    6.41534e+02
      CMAP Dih.          LJ-14     Coulomb-14        LJ (SR)   Coulomb (SR)
   -1.69380e+03    3.67196e+03    5.58211e+04    1.65351e+05   -1.42708e+06
   Coul. recip.      Potential    Kinetic En.   Total Energy  Conserved En.
    4.24110e+03   -1.17766e+06    2.23151e+05   -9.54506e+05   -9.43601e+05
    Temperature Pressure (bar)   Constr. rmsd
    2.98972e+02    2.24012e+01    0.00000e+00

           Step           Time
         140000      280.00000

   Energies (kJ/mol)
           Bond          Angle            U-B    Proper Dih.  Improper Dih.
    3.91904e+03    3.43145e+02    1.02601e+04    6.93099e+03    6.26747e+02
      CMAP Dih.          LJ-14     Coulomb-14        LJ (SR)   Coulomb (SR)
   -1.68521e+03    3.75381e+03    5.58860e+04    1.63997e+05   -1.42694e+06
   Coul. recip.      Potential    Kinetic En.   Total Energy  Conserved En.
    4.25302e+03   -1.17865e+06    2.24986e+05   -9.53666e+05   -9.43492e+05
    Temperature Pressure (bar)   Constr. rmsd
    3.01431e+02   -1.01965e+02    0.00000e+00

           Step           Time
         145000      290.00000

   Energies (kJ/mol)
           Bond          Angle            U-B    Proper Dih.  Improper Dih.
    4.14110e+03    3.18900e+02    1.03237e+04    6.83228e+03    6.34238e+02
      CMAP Dih.          LJ-14     Coulomb-14        LJ (SR)   Coulomb (SR)
   -1.72162e+03    3.59530e+03    5.61048e+04    1.66231e+05   -1.42858e+06
   Coul. recip.      Potential    Kinetic En.   Total Energy  Conserved En.
    4.22126e+03   -1.17790e+06    2.22500e+05   -9.55404e+05   -9.43235e+05
    Temperature Pressure (bar)   Constr. rmsd
    2.98100e+02   -4.08168e+01    0.00000e+00

           Step           Time
         150000      300.00000

   Energies (kJ/mol)
           Bond          Angle            U-B    Proper Dih.  Improper Dih.
    3.88601e+03    3.21336e+02    1.04109e+04    6.84099e+03    6.52210e+02
      CMAP Dih.          LJ-14     Coulomb-14        LJ (SR)   Coulomb (SR)
   -1.63746e+03    3.66895e+03    5.62038e+04    1.66071e+05   -1.42987e+06
   Coul. recip.      Potential    Kinetic En.   Total Energy  Conserved En.
    4.25607e+03   -1.17919e+06    2.25837e+05   -9.53355e+05   -9.43153e+05
    Temperature Pressure (bar)   Constr. rmsd
    3.02572e+02    6.66167e+00    0.00000e+00

           Step           Time
         155000      310.00000

   Energies (kJ/mol)
           Bond          Angle            U-B    Proper Dih.  Improper Dih.
    3.71808e+03    3.65581e+02    1.04521e+04    6.85608e+03    6.28033e+02
      CMAP Dih.          LJ-14     Coulomb-14        LJ (SR)   Coulomb (SR)
   -1.71061e+03    3.73687e+03    5.59459e+04    1.67708e+05   -1.43268e+06
   Coul. recip.      Potential    Kinetic En.   Total Energy  Conserved En.
    4.13563e+03   -1.18085e+06    2.23646e+05   -9.57202e+05   -9.42830e+05
    Temperature Pressure (bar)   Constr. rmsd
    2.99635e+02    1.81347e+02    0.00000e+00

           Step           Time
         160000      320.00000

   Energies (kJ/mol)
           Bond          Angle            U-B    Proper Dih.  Improper Dih.
    3.74439e+03    3.78424e+02    1.04517e+04    6.88622e+03    6.41971e+02
      CMAP Dih.          LJ-14     Coulomb-14        LJ (SR)   Coulomb (SR)
   -1.74825e+03    3.64863e+03    5.60842e+04    1.64913e+05   -1.42921e+06
   Coul. recip.      Potential    Kinetic En.   Total Energy  Conserved En.
    4.32703e+03   -1.17988e+06    2.23906e+05   -9.55975e+05   -9.42553e+05
    Temperature Pressure (bar)   Constr. rmsd
    2.99983e+02   -3.63848e+01    0.00000e+00

           Step           Time
         165000      330.00000

   Energies (kJ/mol)
           Bond          Angle            U-B    Proper Dih.  Improper Dih.
    3.83659e+03    3.94791e+02    1.00417e+04    6.89261e+03    7.05337e+02
      CMAP Dih.          LJ-14     Coulomb-14        LJ (SR)   Coulomb (SR)
   -1.61620e+03    3.74471e+03    5.59985e+04    1.64978e+05   -1.42877e+06
   Coul. recip.      Potential    Kinetic En.   Total Energy  Conserved En.
    4.30848e+03   -1.17949e+06    2.24585e+05   -9.54905e+05   -9.42348e+05
    Temperature Pressure (bar)   Constr. rmsd
    3.00893e+02   -2.53569e+01    0.00000e+00

           Step           Time
         170000      340.00000

   Energies (kJ/mol)
           Bond          Angle            U-B    Proper Dih.  Improper Dih.
    3.94349e+03    3.12071e+02    1.04763e+04    6.88312e+03    6.79669e+02
      CMAP Dih.          LJ-14     Coulomb-14        LJ (SR)   Coulomb (SR)
   -1.71087e+03    3.65837e+03    5.56892e+04    1.65843e+05   -1.42859e+06
   Coul. recip.      Potential    Kinetic En.   Total Energy  Conserved En.
    4.17530e+03   -1.17864e+06    2.23405e+05   -9.55232e+05   -9.42162e+05
    Temperature Pressure (bar)   Constr. rmsd
    2.99313e+02   -1.80630e+01    0.00000e+00

           Step           Time
         175000      350.00000

   Energies (kJ/mol)
           Bond          Angle            U-B    Proper Dih.  Improper Dih.
    3.95681e+03    3.59558e+02    1.02698e+04    6.82988e+03    6.51710e+02
      CMAP Dih.          LJ-14     Coulomb-14        LJ (SR)   Coulomb (SR)
   -1.71161e+03    3.73841e+03    5.61252e+04    1.65362e+05   -1.42931e+06
   Coul. recip.      Potential    Kinetic En.   Total Energy  Conserved En.
    4.28251e+03   -1.17945e+06    2.21910e+05   -9.57540e+05   -9.41957e+05
    Temperature Pressure (bar)   Constr. rmsd
    2.97309e+02    2.37196e+01    0.00000e+00

           Step           Time
         180000      360.00000

   Energies (kJ/mol)
           Bond          Angle            U-B    Proper Dih.  Improper Dih.
    4.04688e+03    3.66055e+02    1.04391e+04    6.82312e+03    5.95699e+02
      CMAP Dih.          LJ-14     Coulomb-14        LJ (SR)   Coulomb (SR)
   -1.71111e+03    3.71953e+03    5.62268e+04    1.65227e+05   -1.42543e+06
   Coul. recip.      Potential    Kinetic En.   Total Energy  Conserved En.
    4.25919e+03   -1.17544e+06    2.23484e+05   -9.51956e+05   -9.41860e+05
    Temperature Pressure (bar)   Constr. rmsd
    2.99419e+02    4.07868e+01    0.00000e+00

           Step           Time
         185000      370.00000

   Energies (kJ/mol)
           Bond          Angle            U-B    Proper Dih.  Improper Dih.
    3.99427e+03    3.83312e+02    1.04688e+04    6.75297e+03    6.66466e+02
      CMAP Dih.          LJ-14     Coulomb-14        LJ (SR)   Coulomb (SR)
   -1.71024e+03    3.68929e+03    5.59485e+04    1.64350e+05   -1.42587e+06
   Coul. recip.      Potential    Kinetic En.   Total Energy  Conserved En.
    4.21450e+03   -1.17711e+06    2.24132e+05   -9.52979e+05   -9.41668e+05
    Temperature Pressure (bar)   Constr. rmsd
    3.00287e+02   -1.01031e+02    0.00000e+00

           Step           Time
         190000      380.00000

   Energies (kJ/mol)
           Bond          Angle            U-B    Proper Dih.  Improper Dih.
    3.71828e+03    3.42912e+02    1.01842e+04    7.01207e+03    6.63456e+02
      CMAP Dih.          LJ-14     Coulomb-14        LJ (SR)   Coulomb (SR)
   -1.71482e+03    3.71966e+03    5.59568e+04    1.64135e+05   -1.42644e+06
   Coul. recip.      Potential    Kinetic En.   Total Energy  Conserved En.
    4.21104e+03   -1.17821e+06    2.23315e+05   -9.54892e+05   -9.41485e+05
    Temperature Pressure (bar)   Constr. rmsd
    2.99192e+02   -1.18606e+02    0.00000e+00

           Step           Time
         195000      390.00000

   Energies (kJ/mol)
           Bond          Angle            U-B    Proper Dih.  Improper Dih.
    3.81085e+03    3.43427e+02    1.05124e+04    6.87167e+03    6.91402e+02
      CMAP Dih.          LJ-14     Coulomb-14        LJ (SR)   Coulomb (SR)
   -1.56740e+03    3.77642e+03    5.59304e+04    1.67287e+05   -1.43208e+06
   Coul. recip.      Potential    Kinetic En.   Total Energy  Conserved En.
    4.20450e+03   -1.18022e+06    2.24432e+05   -9.55790e+05   -9.41243e+05
    Temperature Pressure (bar)   Constr. rmsd
    3.00688e+02    7.20929e+01    0.00000e+00

           Step           Time
         200000      400.00000

   Energies (kJ/mol)
           Bond          Angle            U-B    Proper Dih.  Improper Dih.
    3.84199e+03    3.76048e+02    1.03641e+04    6.86204e+03    6.46539e+02
      CMAP Dih.          LJ-14     Coulomb-14        LJ (SR)   Coulomb (SR)
   -1.60924e+03    3.69762e+03    5.59179e+04    1.67554e+05   -1.43189e+06
   Coul. recip.      Potential    Kinetic En.   Total Energy  Conserved En.
    4.33646e+03   -1.17990e+06    2.23826e+05   -9.56073e+05   -9.41053e+05
    Temperature Pressure (bar)   Constr. rmsd
    2.99876e+02    1.44330e+02    0.00000e+00

           Step           Time
         205000      410.00000

   Energies (kJ/mol)
           Bond          Angle            U-B    Proper Dih.  Improper Dih.
    3.84597e+03    3.48050e+02    1.02363e+04    7.01682e+03    7.05531e+02
      CMAP Dih.          LJ-14     Coulomb-14        LJ (SR)   Coulomb (SR)
   -1.68649e+03    3.78586e+03    5.60300e+04    1.65033e+05   -1.42942e+06
   Coul. recip.      Potential    Kinetic En.   Total Energy  Conserved En.
    4.17899e+03   -1.17993e+06    2.22634e+05   -9.57296e+05   -9.40870e+05
    Temperature Pressure (bar)   Constr. rmsd
    2.98280e+02    4.06137e+00    0.00000e+00

           Step           Time
         210000      420.00000

   Energies (kJ/mol)
           Bond          Angle            U-B    Proper Dih.  Improper Dih.
    4.08245e+03    3.27863e+02    1.06427e+04    6.90999e+03    6.97971e+02
      CMAP Dih.          LJ-14     Coulomb-14        LJ (SR)   Coulomb (SR)
   -1.64111e+03    3.66491e+03    5.57475e+04    1.65208e+05   -1.42546e+06
   Coul. recip.      Potential    Kinetic En.   Total Energy  Conserved En.
    4.30381e+03   -1.17551e+06    2.24115e+05   -9.51396e+05   -9.40631e+05
    Temperature Pressure (bar)   Constr. rmsd
    3.00264e+02   -9.72581e+01    0.00000e+00

           Step           Time
         215000      430.00000

   Energies (kJ/mol)
           Bond          Angle            U-B    Proper Dih.  Improper Dih.
    3.80642e+03    3.31074e+02    1.02413e+04    6.84663e+03    6.12177e+02
      CMAP Dih.          LJ-14     Coulomb-14        LJ (SR)   Coulomb (SR)
   -1.71933e+03    3.81379e+03    5.57895e+04    1.65088e+05   -1.42758e+06
   Coul. recip.      Potential    Kinetic En.   Total Energy  Conserved En.
    4.06375e+03   -1.17871e+06    2.22727e+05   -9.55979e+05   -9.40300e+05
    Temperature Pressure (bar)   Constr. rmsd
    2.98404e+02    1.08571e+02    0.00000e+00

           Step           Time
         220000      440.00000

   Energies (kJ/mol)
           Bond          Angle            U-B    Proper Dih.  Improper Dih.
    3.93447e+03    3.04773e+02    1.05568e+04    6.83207e+03    6.73118e+02
      CMAP Dih.          LJ-14     Coulomb-14        LJ (SR)   Coulomb (SR)
   -1.62154e+03    3.65904e+03    5.57704e+04    1.66137e+05   -1.42845e+06
   Coul. recip.      Potential    Kinetic En.   Total Energy  Conserved En.
    4.29939e+03   -1.17790e+06    2.24172e+05   -9.53728e+05   -9.40142e+05
    Temperature Pressure (bar)   Constr. rmsd
    3.00340e+02   -1.41075e+01    0.00000e+00

           Step           Time
         225000      450.00000

   Energies (kJ/mol)
           Bond          Angle            U-B    Proper Dih.  Improper Dih.
    3.98443e+03    3.35196e+02    1.06139e+04    6.86336e+03    6.64985e+02
      CMAP Dih.          LJ-14     Coulomb-14        LJ (SR)   Coulomb (SR)
   -1.62190e+03    3.75805e+03    5.58367e+04    1.66569e+05   -1.42792e+06
   Coul. recip.      Potential    Kinetic En.   Total Energy  Conserved En.
    4.13412e+03   -1.17678e+06    2.23983e+05   -9.52796e+05   -9.39896e+05
    Temperature Pressure (bar)   Constr. rmsd
    3.00086e+02    1.01040e+02    0.00000e+00

           Step           Time
         230000      460.00000

   Energies (kJ/mol)
           Bond          Angle            U-B    Proper Dih.  Improper Dih.
    3.83177e+03    3.31525e+02    1.03454e+04    6.87419e+03    6.89141e+02
      CMAP Dih.          LJ-14     Coulomb-14        LJ (SR)   Coulomb (SR)
   -1.68540e+03    3.57042e+03    5.61007e+04    1.64103e+05   -1.42751e+06
   Coul. recip.      Potential    Kinetic En.   Total Energy  Conserved En.
    4.20956e+03   -1.17914e+06    2.23328e+05   -9.55811e+05   -9.39808e+05
    Temperature Pressure (bar)   Constr. rmsd
    2.99209e+02   -1.15878e+02    0.00000e+00

           Step           Time
         235000      470.00000

   Energies (kJ/mol)
           Bond          Angle            U-B    Proper Dih.  Improper Dih.
    3.91388e+03    3.42870e+02    1.07502e+04    6.78962e+03    6.20061e+02
      CMAP Dih.          LJ-14     Coulomb-14        LJ (SR)   Coulomb (SR)
   -1.65161e+03    3.63926e+03    5.60237e+04    1.64655e+05   -1.42486e+06
   Coul. recip.      Potential    Kinetic En.   Total Energy  Conserved En.
    4.26888e+03   -1.17551e+06    2.24048e+05   -9.51464e+05   -9.39609e+05
    Temperature Pressure (bar)   Constr. rmsd
    3.00174e+02   -2.65639e+01    0.00000e+00

Writing checkpoint, step 237000 at Sun Sep  3 04:12:05 2023


           Step           Time
         240000      480.00000

   Energies (kJ/mol)
           Bond          Angle            U-B    Proper Dih.  Improper Dih.
    3.77090e+03    3.53339e+02    1.04109e+04    6.90070e+03    7.02842e+02
      CMAP Dih.          LJ-14     Coulomb-14        LJ (SR)   Coulomb (SR)
   -1.72437e+03    3.71163e+03    5.62133e+04    1.65382e+05   -1.42788e+06
   Coul. recip.      Potential    Kinetic En.   Total Energy  Conserved En.
    4.18672e+03   -1.17798e+06    2.23284e+05   -9.54692e+05   -9.39474e+05
    Temperature Pressure (bar)   Constr. rmsd
    2.99151e+02    1.58861e+01    0.00000e+00

           Step           Time
         245000      490.00000

   Energies (kJ/mol)
           Bond          Angle            U-B    Proper Dih.  Improper Dih.
    3.97989e+03    3.55540e+02    1.04352e+04    6.84483e+03    6.12263e+02
      CMAP Dih.          LJ-14     Coulomb-14        LJ (SR)   Coulomb (SR)
   -1.66980e+03    3.70166e+03    5.60828e+04    1.65412e+05   -1.42920e+06
   Coul. recip.      Potential    Kinetic En.   Total Energy  Conserved En.
    4.31360e+03   -1.17913e+06    2.23648e+05   -9.55485e+05   -9.39242e+05
    Temperature Pressure (bar)   Constr. rmsd
    2.99639e+02   -6.86083e+01    0.00000e+00

           Step           Time
         250000      500.00000

   Energies (kJ/mol)
           Bond          Angle            U-B    Proper Dih.  Improper Dih.
    3.77590e+03    3.61853e+02    1.04127e+04    6.87613e+03    6.69780e+02
      CMAP Dih.          LJ-14     Coulomb-14        LJ (SR)   Coulomb (SR)
   -1.71560e+03    3.73626e+03    5.61367e+04    1.65382e+05   -1.42843e+06
   Coul. recip.      Potential    Kinetic En.   Total Energy  Conserved En.
    4.21261e+03   -1.17858e+06    2.22570e+05   -9.56011e+05   -9.38940e+05
    Temperature Pressure (bar)   Constr. rmsd
    2.98195e+02    1.45471e+01    0.00000e+00

           Step           Time
         255000      510.00000

   Energies (kJ/mol)
           Bond          Angle            U-B    Proper Dih.  Improper Dih.
    3.99217e+03    3.79992e+02    1.07992e+04    6.79879e+03    6.60338e+02
      CMAP Dih.          LJ-14     Coulomb-14        LJ (SR)   Coulomb (SR)
   -1.70068e+03    3.61583e+03    5.58163e+04    1.64358e+05   -1.42668e+06
   Coul. recip.      Potential    Kinetic En.   Total Energy  Conserved En.
    4.20067e+03   -1.17776e+06    2.25962e+05   -9.51801e+05   -9.38761e+05
    Temperature Pressure (bar)   Constr. rmsd
    3.02738e+02   -3.87215e+01    0.00000e+00

           Step           Time
         260000      520.00000

   Energies (kJ/mol)
           Bond          Angle            U-B    Proper Dih.  Improper Dih.
    3.94334e+03    3.33959e+02    1.04009e+04    7.00654e+03    6.75458e+02
      CMAP Dih.          LJ-14     Coulomb-14        LJ (SR)   Coulomb (SR)
   -1.64698e+03    3.70815e+03    5.60574e+04    1.65004e+05   -1.42641e+06
   Coul. recip.      Potential    Kinetic En.   Total Energy  Conserved En.
    4.22797e+03   -1.17670e+06    2.25429e+05   -9.51266e+05   -9.38471e+05
    Temperature Pressure (bar)   Constr. rmsd
    3.02025e+02   -9.93099e+01    0.00000e+00

           Step           Time
         265000      530.00000

   Energies (kJ/mol)
           Bond          Angle            U-B    Proper Dih.  Improper Dih.
    3.77430e+03    3.41815e+02    1.02443e+04    6.79337e+03    5.93154e+02
      CMAP Dih.          LJ-14     Coulomb-14        LJ (SR)   Coulomb (SR)
   -1.73206e+03    3.77622e+03    5.59238e+04    1.65763e+05   -1.42990e+06
   Coul. recip.      Potential    Kinetic En.   Total Energy  Conserved En.
    4.25528e+03   -1.18017e+06    2.24326e+05   -9.55844e+05   -9.38184e+05
    Temperature Pressure (bar)   Constr. rmsd
    3.00546e+02    3.87239e+01    0.00000e+00

           Step           Time
         270000      540.00000

   Energies (kJ/mol)
           Bond          Angle            U-B    Proper Dih.  Improper Dih.
    4.05185e+03    3.52886e+02    1.02320e+04    6.78654e+03    6.65922e+02
      CMAP Dih.          LJ-14     Coulomb-14        LJ (SR)   Coulomb (SR)
   -1.69159e+03    3.68381e+03    5.59565e+04    1.65308e+05   -1.42909e+06
   Coul. recip.      Potential    Kinetic En.   Total Energy  Conserved En.
    4.22583e+03   -1.17951e+06    2.25570e+05   -9.53945e+05   -9.38008e+05
    Temperature Pressure (bar)   Constr. rmsd
    3.02213e+02    3.22704e+01    0.00000e+00

           Step           Time
         275000      550.00000

   Energies (kJ/mol)
           Bond          Angle            U-B    Proper Dih.  Improper Dih.
    3.99011e+03    3.31642e+02    1.04427e+04    6.80332e+03    5.81590e+02
      CMAP Dih.          LJ-14     Coulomb-14        LJ (SR)   Coulomb (SR)
   -1.72995e+03    3.68482e+03    5.58856e+04    1.65495e+05   -1.42873e+06
   Coul. recip.      Potential    Kinetic En.   Total Energy  Conserved En.
    4.16108e+03   -1.17908e+06    2.23910e+05   -9.55174e+05   -9.37706e+05
    Temperature Pressure (bar)   Constr. rmsd
    2.99990e+02   -4.53289e+00    0.00000e+00

           Step           Time
         280000      560.00000

   Energies (kJ/mol)
           Bond          Angle            U-B    Proper Dih.  Improper Dih.
    3.87079e+03    3.46590e+02    1.04494e+04    6.83134e+03    6.48560e+02
      CMAP Dih.          LJ-14     Coulomb-14        LJ (SR)   Coulomb (SR)
   -1.70274e+03    3.58842e+03    5.58495e+04    1.66071e+05   -1.42745e+06
   Coul. recip.      Potential    Kinetic En.   Total Energy  Conserved En.
    4.26733e+03   -1.17723e+06    2.23024e+05   -9.54203e+05   -9.37569e+05
    Temperature Pressure (bar)   Constr. rmsd
    2.98802e+02   -4.41647e+01    0.00000e+00

           Step           Time
         285000      570.00000

   Energies (kJ/mol)
           Bond          Angle            U-B    Proper Dih.  Improper Dih.
    3.87275e+03    3.46671e+02    1.04137e+04    6.79223e+03    6.18066e+02
      CMAP Dih.          LJ-14     Coulomb-14        LJ (SR)   Coulomb (SR)
   -1.66358e+03    3.67920e+03    5.54819e+04    1.66088e+05   -1.42748e+06
   Coul. recip.      Potential    Kinetic En.   Total Energy  Conserved En.
    4.19181e+03   -1.17766e+06    2.24129e+05   -9.53532e+05   -9.37347e+05
    Temperature Pressure (bar)   Constr. rmsd
    3.00283e+02    8.71615e+01    0.00000e+00

           Step           Time
         290000      580.00000

   Energies (kJ/mol)
           Bond          Angle            U-B    Proper Dih.  Improper Dih.
    3.97871e+03    3.55766e+02    1.03227e+04    6.93634e+03    6.25356e+02
      CMAP Dih.          LJ-14     Coulomb-14        LJ (SR)   Coulomb (SR)
   -1.71951e+03    3.63697e+03    5.58545e+04    1.65780e+05   -1.42726e+06
   Coul. recip.      Potential    Kinetic En.   Total Energy  Conserved En.
    4.20147e+03   -1.17729e+06    2.24784e+05   -9.52503e+05   -9.37104e+05
    Temperature Pressure (bar)   Constr. rmsd
    3.01160e+02   -1.80330e+01    0.00000e+00

           Step           Time
         295000      590.00000

   Energies (kJ/mol)
           Bond          Angle            U-B    Proper Dih.  Improper Dih.
    3.89946e+03    3.53401e+02    1.05822e+04    6.90066e+03    6.84951e+02
      CMAP Dih.          LJ-14     Coulomb-14        LJ (SR)   Coulomb (SR)
   -1.64504e+03    3.62187e+03    5.57435e+04    1.67363e+05   -1.43115e+06
   Coul. recip.      Potential    Kinetic En.   Total Energy  Conserved En.
    4.17456e+03   -1.17947e+06    2.24330e+05   -9.55144e+05   -9.36901e+05
    Temperature Pressure (bar)   Constr. rmsd
    3.00552e+02    8.23277e+01    0.00000e+00

           Step           Time
         300000      600.00000

   Energies (kJ/mol)
           Bond          Angle            U-B    Proper Dih.  Improper Dih.
    3.74868e+03    3.24557e+02    1.03852e+04    6.87960e+03    6.25314e+02
      CMAP Dih.          LJ-14     Coulomb-14        LJ (SR)   Coulomb (SR)
   -1.75665e+03    3.73652e+03    5.62563e+04    1.67532e+05   -1.43181e+06
   Coul. recip.      Potential    Kinetic En.   Total Energy  Conserved En.
    4.19897e+03   -1.17988e+06    2.25295e+05   -9.54590e+05   -9.36503e+05
    Temperature Pressure (bar)   Constr. rmsd
    3.01844e+02    9.03871e+01    0.00000e+00

           Step           Time
         305000      610.00000

   Energies (kJ/mol)
           Bond          Angle            U-B    Proper Dih.  Improper Dih.
    3.82199e+03    3.31268e+02    1.05156e+04    6.70321e+03    6.15988e+02
      CMAP Dih.          LJ-14     Coulomb-14        LJ (SR)   Coulomb (SR)
   -1.68474e+03    3.69947e+03    5.58209e+04    1.67208e+05   -1.43025e+06
   Coul. recip.      Potential    Kinetic En.   Total Energy  Conserved En.
    4.26602e+03   -1.17896e+06    2.23593e+05   -9.55362e+05   -9.36350e+05
    Temperature Pressure (bar)   Constr. rmsd
    2.99564e+02    1.35559e+02    0.00000e+00

           Step           Time
         310000      620.00000

   Energies (kJ/mol)
           Bond          Angle            U-B    Proper Dih.  Improper Dih.
    4.01192e+03    3.33587e+02    1.02271e+04    6.85304e+03    6.43776e+02
      CMAP Dih.          LJ-14     Coulomb-14        LJ (SR)   Coulomb (SR)
   -1.64458e+03    3.82129e+03    5.61697e+04    1.63028e+05   -1.42562e+06
   Coul. recip.      Potential    Kinetic En.   Total Energy  Conserved En.
    4.22815e+03   -1.17795e+06    2.23210e+05   -9.54738e+05   -9.36107e+05
    Temperature Pressure (bar)   Constr. rmsd
    2.99051e+02   -2.16017e+02    0.00000e+00

           Step           Time
         315000      630.00000

   Energies (kJ/mol)
           Bond          Angle            U-B    Proper Dih.  Improper Dih.
    3.81974e+03    3.94041e+02    1.04541e+04    6.80156e+03    6.54759e+02
      CMAP Dih.          LJ-14     Coulomb-14        LJ (SR)   Coulomb (SR)
   -1.62590e+03    3.58619e+03    5.56639e+04    1.66198e+05   -1.43172e+06
   Coul. recip.      Potential    Kinetic En.   Total Energy  Conserved En.
    4.28105e+03   -1.18150e+06    2.22761e+05   -9.58734e+05   -9.35903e+05
    Temperature Pressure (bar)   Constr. rmsd
    2.98450e+02   -2.49163e+01    0.00000e+00

           Step           Time
         320000      640.00000

   Energies (kJ/mol)
           Bond          Angle            U-B    Proper Dih.  Improper Dih.
    3.99786e+03    3.43962e+02    1.02584e+04    6.84304e+03    6.49513e+02
      CMAP Dih.          LJ-14     Coulomb-14        LJ (SR)   Coulomb (SR)
   -1.60155e+03    3.57950e+03    5.61196e+04    1.64595e+05   -1.42784e+06
   Coul. recip.      Potential    Kinetic En.   Total Energy  Conserved En.
    4.33894e+03   -1.17871e+06    2.24344e+05   -9.54367e+05   -9.35552e+05
    Temperature Pressure (bar)   Constr. rmsd
    3.00571e+02   -4.51538e+01    0.00000e+00

           Step           Time
         325000      650.00000

   Energies (kJ/mol)
           Bond          Angle            U-B    Proper Dih.  Improper Dih.
    3.85170e+03    3.07709e+02    1.04534e+04    6.91782e+03    7.05490e+02
      CMAP Dih.          LJ-14     Coulomb-14        LJ (SR)   Coulomb (SR)
   -1.67720e+03    3.73862e+03    5.59186e+04    1.65943e+05   -1.43037e+06
   Coul. recip.      Potential    Kinetic En.   Total Energy  Conserved En.
    4.28184e+03   -1.17993e+06    2.23483e+05   -9.56447e+05   -9.35302e+05
    Temperature Pressure (bar)   Constr. rmsd
    2.99417e+02    7.69982e+01    0.00000e+00

           Step           Time
         330000      660.00000

   Energies (kJ/mol)
           Bond          Angle            U-B    Proper Dih.  Improper Dih.
    4.06500e+03    3.17080e+02    1.06747e+04    6.96001e+03    6.09419e+02
      CMAP Dih.          LJ-14     Coulomb-14        LJ (SR)   Coulomb (SR)
   -1.73445e+03    3.70377e+03    5.58681e+04    1.65951e+05   -1.42873e+06
   Coul. recip.      Potential    Kinetic En.   Total Energy  Conserved En.
    4.28458e+03   -1.17803e+06    2.24455e+05   -9.53576e+05   -9.35152e+05
    Temperature Pressure (bar)   Constr. rmsd
    3.00719e+02   -2.31587e+01    0.00000e+00

           Step           Time
         335000      670.00000

   Energies (kJ/mol)
           Bond          Angle            U-B    Proper Dih.  Improper Dih.
    3.81665e+03    3.10642e+02    1.06445e+04    6.98610e+03    6.82293e+02
      CMAP Dih.          LJ-14     Coulomb-14        LJ (SR)   Coulomb (SR)
   -1.75688e+03    3.64258e+03    5.59347e+04    1.66437e+05   -1.42873e+06
   Coul. recip.      Potential    Kinetic En.   Total Energy  Conserved En.
    4.16590e+03   -1.17787e+06    2.23834e+05   -9.54035e+05   -9.34808e+05
    Temperature Pressure (bar)   Constr. rmsd
    2.99888e+02    2.42562e+01    0.00000e+00

           Step           Time
         340000      680.00000

   Energies (kJ/mol)
           Bond          Angle            U-B    Proper Dih.  Improper Dih.
    3.88910e+03    3.50431e+02    1.06397e+04    6.93510e+03    6.16365e+02
      CMAP Dih.          LJ-14     Coulomb-14        LJ (SR)   Coulomb (SR)
   -1.68178e+03    3.71449e+03    5.57705e+04    1.66107e+05   -1.42770e+06
   Coul. recip.      Potential    Kinetic En.   Total Energy  Conserved En.
    4.22434e+03   -1.17714e+06    2.24897e+05   -9.52242e+05   -9.34663e+05
    Temperature Pressure (bar)   Constr. rmsd
    3.01311e+02    1.78459e+02    0.00000e+00

           Step           Time
         345000      690.00000

   Energies (kJ/mol)
           Bond          Angle            U-B    Proper Dih.  Improper Dih.
    4.06647e+03    3.27421e+02    1.05073e+04    6.99114e+03    6.18665e+02
      CMAP Dih.          LJ-14     Coulomb-14        LJ (SR)   Coulomb (SR)
   -1.72081e+03    3.60934e+03    5.60058e+04    1.66172e+05   -1.42988e+06
   Coul. recip.      Potential    Kinetic En.   Total Energy  Conserved En.
    4.08913e+03   -1.17921e+06    2.22790e+05   -9.56422e+05   -9.34280e+05
    Temperature Pressure (bar)   Constr. rmsd
    2.98489e+02   -1.85223e+01    0.00000e+00

           Step           Time
         350000      700.00000

   Energies (kJ/mol)
           Bond          Angle            U-B    Proper Dih.  Improper Dih.
    3.88433e+03    3.36522e+02    1.03724e+04    6.92109e+03    6.55198e+02
      CMAP Dih.          LJ-14     Coulomb-14        LJ (SR)   Coulomb (SR)
   -1.70758e+03    3.69282e+03    5.60527e+04    1.67321e+05   -1.43096e+06
   Coul. recip.      Potential    Kinetic En.   Total Energy  Conserved En.
    4.21796e+03   -1.17921e+06    2.23433e+05   -9.55776e+05   -9.34101e+05
    Temperature Pressure (bar)   Constr. rmsd
    2.99350e+02    9.72127e+01    0.00000e+00

           Step           Time
         355000      710.00000

   Energies (kJ/mol)
           Bond          Angle            U-B    Proper Dih.  Improper Dih.
    3.80100e+03    3.29288e+02    1.07128e+04    6.93327e+03    6.53509e+02
      CMAP Dih.          LJ-14     Coulomb-14        LJ (SR)   Coulomb (SR)
   -1.69631e+03    3.69339e+03    5.59437e+04    1.65816e+05   -1.43097e+06
   Coul. recip.      Potential    Kinetic En.   Total Energy  Conserved En.
    4.29954e+03   -1.18048e+06    2.24690e+05   -9.55791e+05   -9.33771e+05
    Temperature Pressure (bar)   Constr. rmsd
    3.01035e+02   -8.11076e+01    0.00000e+00

Writing checkpoint, step 356000 at Sun Sep  3 04:27:04 2023


           Step           Time
         360000      720.00000

   Energies (kJ/mol)
           Bond          Angle            U-B    Proper Dih.  Improper Dih.
    3.75926e+03    3.34865e+02    1.05478e+04    6.89134e+03    6.82335e+02
      CMAP Dih.          LJ-14     Coulomb-14        LJ (SR)   Coulomb (SR)
   -1.70062e+03    3.63768e+03    5.63265e+04    1.65246e+05   -1.42815e+06
   Coul. recip.      Potential    Kinetic En.   Total Energy  Conserved En.
    4.20678e+03   -1.17822e+06    2.23553e+05   -9.54666e+05   -9.33545e+05
    Temperature Pressure (bar)   Constr. rmsd
    2.99510e+02   -8.23369e+01    0.00000e+00

           Step           Time
         365000      730.00000

   Energies (kJ/mol)
           Bond          Angle            U-B    Proper Dih.  Improper Dih.
    3.99115e+03    3.27248e+02    1.03434e+04    6.92911e+03    6.23745e+02
      CMAP Dih.          LJ-14     Coulomb-14        LJ (SR)   Coulomb (SR)
   -1.67360e+03    3.69845e+03    5.60654e+04    1.65123e+05   -1.42812e+06
   Coul. recip.      Potential    Kinetic En.   Total Energy  Conserved En.
    4.35577e+03   -1.17833e+06    2.22412e+05   -9.55920e+05   -9.33361e+05
    Temperature Pressure (bar)   Constr. rmsd
    2.97982e+02   -5.18654e+01    0.00000e+00

           Step           Time
         370000      740.00000

   Energies (kJ/mol)
           Bond          Angle            U-B    Proper Dih.  Improper Dih.
    3.89664e+03    3.43365e+02    1.05258e+04    6.85767e+03    6.44496e+02
      CMAP Dih.          LJ-14     Coulomb-14        LJ (SR)   Coulomb (SR)
   -1.72866e+03    3.76235e+03    5.62892e+04    1.66137e+05   -1.43050e+06
   Coul. recip.      Potential    Kinetic En.   Total Energy  Conserved En.
    4.27890e+03   -1.17949e+06    2.24856e+05   -9.54635e+05   -9.33160e+05
    Temperature Pressure (bar)   Constr. rmsd
    3.01256e+02    7.43042e+00    0.00000e+00

           Step           Time
         375000      750.00000

   Energies (kJ/mol)
           Bond          Angle            U-B    Proper Dih.  Improper Dih.
    3.77317e+03    3.40907e+02    1.06461e+04    6.96243e+03    5.99770e+02
      CMAP Dih.          LJ-14     Coulomb-14        LJ (SR)   Coulomb (SR)
   -1.80738e+03    3.67250e+03    5.62392e+04    1.65111e+05   -1.42747e+06
   Coul. recip.      Potential    Kinetic En.   Total Energy  Conserved En.
    4.25813e+03   -1.17767e+06    2.24378e+05   -9.53293e+05   -9.33010e+05
    Temperature Pressure (bar)   Constr. rmsd
    3.00617e+02   -1.31322e+00    0.00000e+00

           Step           Time
         380000      760.00000

   Energies (kJ/mol)
           Bond          Angle            U-B    Proper Dih.  Improper Dih.
    3.88564e+03    3.68064e+02    1.05433e+04    6.92410e+03    6.30809e+02
      CMAP Dih.          LJ-14     Coulomb-14        LJ (SR)   Coulomb (SR)
   -1.71813e+03    3.73962e+03    5.62381e+04    1.68820e+05   -1.43258e+06
   Coul. recip.      Potential    Kinetic En.   Total Energy  Conserved En.
    4.39154e+03   -1.17875e+06    2.24021e+05   -9.54731e+05   -9.32770e+05
    Temperature Pressure (bar)   Constr. rmsd
    3.00137e+02    2.23333e+02    0.00000e+00

           Step           Time
         385000      770.00000

   Energies (kJ/mol)
           Bond          Angle            U-B    Proper Dih.  Improper Dih.
    4.03053e+03    3.02629e+02    1.03406e+04    6.90617e+03    7.11119e+02
      CMAP Dih.          LJ-14     Coulomb-14        LJ (SR)   Coulomb (SR)
   -1.73216e+03    3.74512e+03    5.58865e+04    1.64082e+05   -1.42622e+06
   Coul. recip.      Potential    Kinetic En.   Total Energy  Conserved En.
    4.26955e+03   -1.17768e+06    2.25068e+05   -9.52611e+05   -9.32659e+05
    Temperature Pressure (bar)   Constr. rmsd
    3.01540e+02   -1.45536e+02    0.00000e+00

           Step           Time
         390000      780.00000

   Energies (kJ/mol)
           Bond          Angle            U-B    Proper Dih.  Improper Dih.
    4.03886e+03    3.40353e+02    1.06019e+04    6.96401e+03    6.00327e+02
      CMAP Dih.          LJ-14     Coulomb-14        LJ (SR)   Coulomb (SR)
   -1.76066e+03    3.65104e+03    5.60491e+04    1.66346e+05   -1.42862e+06
   Coul. recip.      Potential    Kinetic En.   Total Energy  Conserved En.
    4.23836e+03   -1.17755e+06    2.25336e+05   -9.52215e+05   -9.32528e+05
    Temperature Pressure (bar)   Constr. rmsd
    3.01900e+02    8.97133e+01    0.00000e+00

           Step           Time
         395000      790.00000

   Energies (kJ/mol)
           Bond          Angle            U-B    Proper Dih.  Improper Dih.
    4.04357e+03    3.33071e+02    1.05725e+04    6.91926e+03    5.81781e+02
      CMAP Dih.          LJ-14     Coulomb-14        LJ (SR)   Coulomb (SR)
   -1.63216e+03    3.59483e+03    5.58569e+04    1.64630e+05   -1.42629e+06
   Coul. recip.      Potential    Kinetic En.   Total Energy  Conserved En.
    4.28906e+03   -1.17710e+06    2.23185e+05   -9.53920e+05   -9.32160e+05
    Temperature Pressure (bar)   Constr. rmsd
    2.99017e+02   -1.02179e+02    0.00000e+00

           Step           Time
         400000      800.00000

   Energies (kJ/mol)
           Bond          Angle            U-B    Proper Dih.  Improper Dih.
    3.79600e+03    3.46320e+02    1.03907e+04    6.89787e+03    6.34766e+02
      CMAP Dih.          LJ-14     Coulomb-14        LJ (SR)   Coulomb (SR)
   -1.79032e+03    3.63391e+03    5.65152e+04    1.66290e+05   -1.42863e+06
   Coul. recip.      Potential    Kinetic En.   Total Energy  Conserved En.
    4.18162e+03   -1.17774e+06    2.22749e+05   -9.54989e+05   -9.32101e+05
    Temperature Pressure (bar)   Constr. rmsd
    2.98434e+02    6.76538e+01    0.00000e+00

           Step           Time
         405000      810.00000

   Energies (kJ/mol)
           Bond          Angle            U-B    Proper Dih.  Improper Dih.
    3.93350e+03    3.33194e+02    1.04369e+04    6.81240e+03    6.34470e+02
      CMAP Dih.          LJ-14     Coulomb-14        LJ (SR)   Coulomb (SR)
   -1.70946e+03    3.65052e+03    5.62887e+04    1.66792e+05   -1.43022e+06
   Coul. recip.      Potential    Kinetic En.   Total Energy  Conserved En.
    4.29288e+03   -1.17875e+06    2.24064e+05   -9.54689e+05   -9.31916e+05
    Temperature Pressure (bar)   Constr. rmsd
    3.00196e+02    3.84298e+01    0.00000e+00

           Step           Time
         410000      820.00000

   Energies (kJ/mol)
           Bond          Angle            U-B    Proper Dih.  Improper Dih.
    3.93179e+03    3.60457e+02    1.01778e+04    6.89266e+03    6.85391e+02
      CMAP Dih.          LJ-14     Coulomb-14        LJ (SR)   Coulomb (SR)
   -1.63188e+03    3.67065e+03    5.62128e+04    1.66781e+05   -1.42965e+06
   Coul. recip.      Potential    Kinetic En.   Total Energy  Conserved En.
    4.27975e+03   -1.17829e+06    2.23283e+05   -9.55006e+05   -9.31682e+05
    Temperature Pressure (bar)   Constr. rmsd
    2.99149e+02    7.22270e+01    0.00000e+00

           Step           Time
         415000      830.00000

   Energies (kJ/mol)
           Bond          Angle            U-B    Proper Dih.  Improper Dih.
    3.92287e+03    3.61067e+02    1.01794e+04    6.97831e+03    6.79883e+02
      CMAP Dih.          LJ-14     Coulomb-14        LJ (SR)   Coulomb (SR)
   -1.75576e+03    3.77665e+03    5.63182e+04    1.66692e+05   -1.43066e+06
   Coul. recip.      Potential    Kinetic En.   Total Energy  Conserved En.
    4.18463e+03   -1.17933e+06    2.24947e+05   -9.54381e+05   -9.31537e+05
    Temperature Pressure (bar)   Constr. rmsd
    3.01378e+02    5.79622e+01    0.00000e+00

           Step           Time
         420000      840.00000

   Energies (kJ/mol)
           Bond          Angle            U-B    Proper Dih.  Improper Dih.
    3.86019e+03    3.28276e+02    1.03556e+04    6.93763e+03    6.58458e+02
      CMAP Dih.          LJ-14     Coulomb-14        LJ (SR)   Coulomb (SR)
   -1.67702e+03    3.61946e+03    5.64258e+04    1.65573e+05   -1.43066e+06
   Coul. recip.      Potential    Kinetic En.   Total Energy  Conserved En.
    4.23252e+03   -1.18035e+06    2.23478e+05   -9.56871e+05   -9.31379e+05
    Temperature Pressure (bar)   Constr. rmsd
    2.99411e+02   -7.01481e+01    0.00000e+00

           Step           Time
         425000      850.00000

   Energies (kJ/mol)
           Bond          Angle            U-B    Proper Dih.  Improper Dih.
    3.82243e+03    3.59437e+02    1.06915e+04    6.82874e+03    6.84214e+02
      CMAP Dih.          LJ-14     Coulomb-14        LJ (SR)   Coulomb (SR)
   -1.62057e+03    3.57737e+03    5.63010e+04    1.64089e+05   -1.42490e+06
   Coul. recip.      Potential    Kinetic En.   Total Energy  Conserved En.
    4.38084e+03   -1.17579e+06    2.24556e+05   -9.51230e+05   -9.31074e+05
    Temperature Pressure (bar)   Constr. rmsd
    3.00854e+02   -9.87142e+01    0.00000e+00

           Step           Time
         430000      860.00000

   Energies (kJ/mol)
           Bond          Angle            U-B    Proper Dih.  Improper Dih.
    3.88585e+03    3.36168e+02    1.05227e+04    6.77380e+03    6.62022e+02
      CMAP Dih.          LJ-14     Coulomb-14        LJ (SR)   Coulomb (SR)
   -1.68918e+03    3.70744e+03    5.59135e+04    1.65372e+05   -1.42730e+06
   Coul. recip.      Potential    Kinetic En.   Total Energy  Conserved En.
    4.21150e+03   -1.17760e+06    2.22646e+05   -9.54955e+05   -9.30871e+05
    Temperature Pressure (bar)   Constr. rmsd
    2.98296e+02   -8.84432e+01    0.00000e+00

           Step           Time
         435000      870.00000

   Energies (kJ/mol)
           Bond          Angle            U-B    Proper Dih.  Improper Dih.
    4.01451e+03    3.24129e+02    1.06575e+04    6.70040e+03    6.27353e+02
      CMAP Dih.          LJ-14     Coulomb-14        LJ (SR)   Coulomb (SR)
   -1.70753e+03    3.59859e+03    5.58875e+04    1.65551e+05   -1.42719e+06
   Coul. recip.      Potential    Kinetic En.   Total Energy  Conserved En.
    4.29496e+03   -1.17724e+06    2.22678e+05   -9.54565e+05   -9.30695e+05
    Temperature Pressure (bar)   Constr. rmsd
    2.98338e+02   -8.91375e+01    0.00000e+00

           Step           Time
         440000      880.00000

   Energies (kJ/mol)
           Bond          Angle            U-B    Proper Dih.  Improper Dih.
    3.85704e+03    3.44924e+02    1.02815e+04    6.86078e+03    6.61439e+02
      CMAP Dih.          LJ-14     Coulomb-14        LJ (SR)   Coulomb (SR)
   -1.72650e+03    3.72491e+03    5.62544e+04    1.65734e+05   -1.42853e+06
   Coul. recip.      Potential    Kinetic En.   Total Energy  Conserved En.
    4.29906e+03   -1.17824e+06    2.23668e+05   -9.54574e+05   -9.30576e+05
    Temperature Pressure (bar)   Constr. rmsd
    2.99665e+02    1.30957e+01    0.00000e+00

           Step           Time
         445000      890.00000

   Energies (kJ/mol)
           Bond          Angle            U-B    Proper Dih.  Improper Dih.
    3.89500e+03    2.83498e+02    1.05455e+04    7.03639e+03    6.44575e+02
      CMAP Dih.          LJ-14     Coulomb-14        LJ (SR)   Coulomb (SR)
   -1.69855e+03    3.81958e+03    5.63487e+04    1.67062e+05   -1.42908e+06
   Coul. recip.      Potential    Kinetic En.   Total Energy  Conserved En.
    4.21611e+03   -1.17693e+06    2.24827e+05   -9.52101e+05   -9.30176e+05
    Temperature Pressure (bar)   Constr. rmsd
    3.01218e+02    1.47674e+02    0.00000e+00

           Step           Time
         450000      900.00000

   Energies (kJ/mol)
           Bond          Angle            U-B    Proper Dih.  Improper Dih.
    3.97627e+03    3.09803e+02    1.02619e+04    6.80854e+03    6.57090e+02
      CMAP Dih.          LJ-14     Coulomb-14        LJ (SR)   Coulomb (SR)
   -1.76112e+03    3.64814e+03    5.61393e+04    1.63900e+05   -1.42638e+06
   Coul. recip.      Potential    Kinetic En.   Total Energy  Conserved En.
    4.27690e+03   -1.17816e+06    2.23562e+05   -9.54602e+05   -9.30050e+05
    Temperature Pressure (bar)   Constr. rmsd
    2.99522e+02   -1.70688e+02    0.00000e+00

           Step           Time
         455000      910.00000

   Energies (kJ/mol)
           Bond          Angle            U-B    Proper Dih.  Improper Dih.
    3.82671e+03    3.67009e+02    1.00199e+04    6.79818e+03    6.02354e+02
      CMAP Dih.          LJ-14     Coulomb-14        LJ (SR)   Coulomb (SR)
   -1.77194e+03    3.71380e+03    5.63713e+04    1.67324e+05   -1.43320e+06
   Coul. recip.      Potential    Kinetic En.   Total Energy  Conserved En.
    4.31048e+03   -1.18164e+06    2.23396e+05   -9.58241e+05   -9.29787e+05
    Temperature Pressure (bar)   Constr. rmsd
    2.99300e+02    1.33689e+02    0.00000e+00

           Step           Time
         460000      920.00000

   Energies (kJ/mol)
           Bond          Angle            U-B    Proper Dih.  Improper Dih.
    3.78256e+03    3.82509e+02    1.07049e+04    6.93989e+03    6.12322e+02
      CMAP Dih.          LJ-14     Coulomb-14        LJ (SR)   Coulomb (SR)
   -1.68414e+03    3.69613e+03    5.64701e+04    1.64554e+05   -1.42693e+06
   Coul. recip.      Potential    Kinetic En.   Total Energy  Conserved En.
    4.24435e+03   -1.17723e+06    2.24643e+05   -9.52589e+05   -9.29602e+05
    Temperature Pressure (bar)   Constr. rmsd
    3.00972e+02   -4.60478e+01    0.00000e+00

           Step           Time
         465000      930.00000

   Energies (kJ/mol)
           Bond          Angle            U-B    Proper Dih.  Improper Dih.
    3.99705e+03    3.76042e+02    1.04774e+04    6.81187e+03    6.27043e+02
      CMAP Dih.          LJ-14     Coulomb-14        LJ (SR)   Coulomb (SR)
   -1.65952e+03    3.70237e+03    5.64146e+04    1.63690e+05   -1.42591e+06
   Coul. recip.      Potential    Kinetic En.   Total Energy  Conserved En.
    4.20404e+03   -1.17727e+06    2.23402e+05   -9.53869e+05   -9.29430e+05
    Temperature Pressure (bar)   Constr. rmsd
    2.99309e+02   -1.59358e+02    0.00000e+00

           Step           Time
         470000      940.00000

   Energies (kJ/mol)
           Bond          Angle            U-B    Proper Dih.  Improper Dih.
    3.63897e+03    3.72602e+02    1.03895e+04    6.89565e+03    6.63681e+02
      CMAP Dih.          LJ-14     Coulomb-14        LJ (SR)   Coulomb (SR)
   -1.74415e+03    3.75796e+03    5.67641e+04    1.66055e+05   -1.42896e+06
   Coul. recip.      Potential    Kinetic En.   Total Energy  Conserved En.
    4.21824e+03   -1.17795e+06    2.24537e+05   -9.53412e+05   -9.29222e+05
    Temperature Pressure (bar)   Constr. rmsd
    3.00829e+02    9.48605e+01    0.00000e+00

Writing checkpoint, step 471700 at Sun Sep  3 04:42:05 2023


           Step           Time
         475000      950.00000

   Energies (kJ/mol)
           Bond          Angle            U-B    Proper Dih.  Improper Dih.
    4.06299e+03    3.34311e+02    1.02578e+04    6.88065e+03    7.07812e+02
      CMAP Dih.          LJ-14     Coulomb-14        LJ (SR)   Coulomb (SR)
   -1.67201e+03    3.63552e+03    5.63817e+04    1.66065e+05   -1.42939e+06
   Coul. recip.      Potential    Kinetic En.   Total Energy  Conserved En.
    4.31925e+03   -1.17842e+06    2.24352e+05   -9.54070e+05   -9.28975e+05
    Temperature Pressure (bar)   Constr. rmsd
    3.00581e+02    1.19686e+01    0.00000e+00

           Step           Time
         480000      960.00000

   Energies (kJ/mol)
           Bond          Angle            U-B    Proper Dih.  Improper Dih.
    3.90767e+03    3.27850e+02    1.04700e+04    6.96063e+03    6.16991e+02
      CMAP Dih.          LJ-14     Coulomb-14        LJ (SR)   Coulomb (SR)
   -1.57966e+03    3.66657e+03    5.63096e+04    1.64129e+05   -1.42747e+06
   Coul. recip.      Potential    Kinetic En.   Total Energy  Conserved En.
    4.29455e+03   -1.17836e+06    2.22767e+05   -9.55596e+05   -9.28787e+05
    Temperature Pressure (bar)   Constr. rmsd
    2.98458e+02   -9.78256e+01    0.00000e+00

           Step           Time
         485000      970.00000

   Energies (kJ/mol)
           Bond          Angle            U-B    Proper Dih.  Improper Dih.
    4.00297e+03    3.34962e+02    1.04196e+04    6.99772e+03    6.12499e+02
      CMAP Dih.          LJ-14     Coulomb-14        LJ (SR)   Coulomb (SR)
   -1.66758e+03    3.70365e+03    5.61588e+04    1.64488e+05   -1.42744e+06
   Coul. recip.      Potential    Kinetic En.   Total Energy  Conserved En.
    4.30167e+03   -1.17808e+06    2.24382e+05   -9.53701e+05   -9.28534e+05
    Temperature Pressure (bar)   Constr. rmsd
    3.00622e+02   -2.71073e+01    0.00000e+00

           Step           Time
         490000      980.00000

   Energies (kJ/mol)
           Bond          Angle            U-B    Proper Dih.  Improper Dih.
    3.94635e+03    2.82570e+02    1.04380e+04    6.80318e+03    6.35246e+02
      CMAP Dih.          LJ-14     Coulomb-14        LJ (SR)   Coulomb (SR)
   -1.71512e+03    3.66932e+03    5.62727e+04    1.67927e+05   -1.43235e+06
   Coul. recip.      Potential    Kinetic En.   Total Energy  Conserved En.
    4.16222e+03   -1.17992e+06    2.22677e+05   -9.57247e+05   -9.28248e+05
    Temperature Pressure (bar)   Constr. rmsd
    2.98338e+02    5.31643e+01    0.00000e+00

           Step           Time
         495000      990.00000

   Energies (kJ/mol)
           Bond          Angle            U-B    Proper Dih.  Improper Dih.
    3.77096e+03    3.42370e+02    1.03222e+04    6.94667e+03    6.21961e+02
      CMAP Dih.          LJ-14     Coulomb-14        LJ (SR)   Coulomb (SR)
   -1.75645e+03    3.75830e+03    5.58749e+04    1.65269e+05   -1.42771e+06
   Coul. recip.      Potential    Kinetic En.   Total Energy  Conserved En.
    4.26254e+03   -1.17830e+06    2.22529e+05   -9.55770e+05   -9.27988e+05
    Temperature Pressure (bar)   Constr. rmsd
    2.98139e+02   -4.29832e+00    0.00000e+00

           Step           Time
         500000     1000.00000

Writing checkpoint, step 500000 at Sun Sep  3 04:45:43 2023


   Energies (kJ/mol)
           Bond          Angle            U-B    Proper Dih.  Improper Dih.
    4.13497e+03    3.10830e+02    1.05605e+04    6.83610e+03    6.74615e+02
      CMAP Dih.          LJ-14     Coulomb-14        LJ (SR)   Coulomb (SR)
   -1.67181e+03    3.61269e+03    5.59349e+04    1.65456e+05   -1.42807e+06
   Coul. recip.      Potential    Kinetic En.   Total Energy  Conserved En.
    4.22948e+03   -1.17799e+06    2.22963e+05   -9.55028e+05   -9.27826e+05
    Temperature Pressure (bar)   Constr. rmsd
    2.98721e+02   -2.74966e+01    0.00000e+00


Energy conservation over simulation part #1 of length 1000 ps, time 0 to 1000 ps
  Conserved energy drift: 2.54e-04 kJ/mol/ps per atom


	<======  ###############  ==>
	<====  A V E R A G E S  ====>
	<==  ###############  ======>

	Statistics over 500001 steps using 5001 frames

   Energies (kJ/mol)
           Bond          Angle            U-B    Proper Dih.  Improper Dih.
    3.90481e+03    3.38726e+02    1.04435e+04    6.88363e+03    6.52364e+02
      CMAP Dih.          LJ-14     Coulomb-14        LJ (SR)   Coulomb (SR)
   -1.68029e+03    3.68910e+03    5.60289e+04    1.65820e+05   -1.42865e+06
   Coul. recip.      Potential    Kinetic En.   Total Energy  Conserved En.
    4.24247e+03   -1.17833e+06    2.23910e+05   -9.54420e+05   -9.38741e+05
    Temperature Pressure (bar)   Constr. rmsd
    2.99989e+02    9.35480e-01    0.00000e+00

          Box-X          Box-Y          Box-Z
    9.64617e+00    9.64617e+00    9.64617e+00

   Total Virial (kJ/mol)
    7.46209e+04    2.56304e-01    2.93562e+01
    2.56666e-01    7.46076e+04   -1.08081e+01
    2.93617e+01   -1.08069e+01    7.46172e+04

   Pressure (bar)
    1.85824e+00   -5.08459e-02   -8.33812e-01
   -5.08596e-02    1.35784e+00    3.51217e-01
   -8.34015e-01    3.51174e-01   -4.09645e-01

  T-Protein_LIGT-Water_and_ions
    3.00057e+02    2.99984e+02


	M E G A - F L O P S   A C C O U N T I N G

 NB=Group-cutoff nonbonded kernels    NxN=N-by-N cluster Verlet kernels
 RF=Reaction-Field  VdW=Van der Waals  QSTab=quadratic-spline table
 W3=SPC/TIP3p  W4=TIP4p (single or pairs)
 V&F=Potential and force  V=Potential only  F=Force only

 Computing:                               M-Number         M-Flops  % Flops
-----------------------------------------------------------------------------
 Pair Search distance check           50074.347508      450669.128     0.0
 NxN Ewald Elec. + LJ [F]          55131133.216896  4300228390.918    98.3
 NxN Ewald Elec. + LJ [V&F]          556991.488256    71851901.985     1.6
 1,4 nonbonded interactions            6227.512455      560476.121     0.0
 Shift-X                                442.643511        2655.861     0.0
 Bonds                                 1233.002466       72747.145     0.0
 Angles                                  70.500141       11844.024     0.0
 Propers                               5356.010712     1226526.453     0.0
 Impropers                              416.000832       86528.173     0.0
 Virial                                 885.648556       15941.674     0.0
 Stop-CM                                442.643511        4426.435     0.0
 Calc-Ekin                             8851.277022      238984.480     0.0
 CMAP                                   152.000304      258400.517     0.0
 Urey-Bradley                          4261.008522      779764.560     0.0
-----------------------------------------------------------------------------
 Total                                              4375789257.473   100.0
-----------------------------------------------------------------------------


      R E A L   C Y C L E   A N D   T I M E   A C C O U N T I N G

On 1 MPI rank, each using 8 OpenMP threads

 Activity:              Num   Num      Call    Wall time         Giga-Cycles
                        Ranks Threads  Count      (s)         total sum    %
--------------------------------------------------------------------------------
 Neighbor search           1    8       5001      89.287       2005.716   2.3
 Launch PP GPU ops.        1    8     995001      91.520       2055.861   2.4
 Force                     1    8     500001     391.239       8788.638  10.2
 PME GPU mesh              1    8     500001      25.837        580.386   0.7
 Wait GPU NB local         1    8     490000       2.834         63.660   0.1
 Wait GPU state copy       1    8     620003    3095.912      69545.387  81.0
 NB X/F buffer ops.        1    8      10001       2.596         58.309   0.1
 Write traj.               1    8        105       3.069         68.943   0.1
 Rest                                            117.765       2645.429   3.1
--------------------------------------------------------------------------------
 Total                                          3820.058      85812.329 100.0
--------------------------------------------------------------------------------
 Breakdown of PME mesh activities
--------------------------------------------------------------------------------
 Wait PME GPU gather       1    8     500001       2.896         65.060   0.1
 Reduce GPU PME F          1    8     500001       1.137         25.537   0.0
 Launch PME GPU ops.       1    8    4500009      20.655        463.988   0.5
--------------------------------------------------------------------------------

               Core t (s)   Wall t (s)        (%)
       Time:    30560.450     3820.058      800.0
                         1h03:40
                 (ns/day)    (hour/ns)
Performance:       22.618        1.061
Finished mdrun on rank 0 Sun Sep  3 04:45:44 2023

