                      :-) GROMACS - gmx mdrun, 2023.2 (-:

Copyright 1991-2023 The GROMACS Authors.
GROMACS is free software; you can redistribute it and/or modify it
under the terms of the GNU Lesser General Public License
as published by the Free Software Foundation; either version 2.1
of the License, or (at your option) any later version.

                         Current GROMACS contributors:
       Mark Abraham           Andrey Alekseenko           Cathrine Bergh      
      Christian Blau            Eliane Briand             Mahesh Doijade      
    Stefan Fleischmann           Vytas Gapsys              Gaurav Garg        
      Sergey Gorelov         Gilles Gouaillardet            Alan Gray         
     M. Eric Irrgang         Farzaneh Jalalypour            Joe Jordan        
    Christoph Junghans        Prashanth Kanduri          Sebastian Keller     
     Carsten Kutzner           Justin A. Lemkul          Magnus Lundborg      
       Pascal Merz              Vedran Miletic            Dmitry Morozov      
       Szilard Pall             Roland Schulz             Michael Shirts      
     Alexey Shvetsov            Balint Soproni         David van der Spoel    
      Philip Turner             Carsten Uphoff           Alessandra Villa     
 Sebastian Wingbermuehle        Artem Zhmurov       

                         Previous GROMACS contributors:
        Emile Apol             Rossen Apostolov           James Barnett       
  Herman J.C. Berendsen          Par Bjelkmar           Viacheslav Bolnykh    
        Kevin Boyd            Aldert van Buuren          Carlo Camilloni      
     Rudi van Drunen            Anton Feenstra           Oliver Fleetwood     
     Gerrit Groenhof            Bert de Groot             Anca Hamuraru       
    Vincent Hindriksen          Victor Holanda           Aleksei Iupinov      
   Dimitrios Karkoulis           Peter Kasson             Sebastian Kehl      
        Jiri Kraus               Per Larsson              Viveca Lindahl      
      Erik Marklund           Pieter Meulenhoff           Teemu Murtola       
       Sander Pronk             Alfons Sijbers            Peter Tieleman      
       Jon Vincent             Teemu Virolainen         Christian Wennberg    
       Maarten Wolf       

                  Coordinated by the GROMACS project leaders:
                    Paul Bauer, Berk Hess, and Erik Lindahl

GROMACS:      gmx mdrun, version 2023.2
Executable:   /usr/local/gromacs/bin/gmx
Data prefix:  /usr/local/gromacs
Working dir:  /home/wael/Wael/Simulations/Azithromycin-6lu7/Molecular Dynamics
Process ID:   29825
Command line:
  gmx mdrun -v -deffnm NPT

GROMACS version:    2023.2
Precision:          mixed
Memory model:       64 bit
MPI library:        thread_mpi
OpenMP support:     enabled (GMX_OPENMP_MAX_THREADS = 128)
GPU support:        CUDA
NB cluster size:    8
SIMD instructions:  NONE
CPU FFT library:    fftw-3.3.8-sse2-avx
GPU FFT library:    cuFFT
Multi-GPU FFT:      none
RDTSCP usage:       enabled
TNG support:        enabled
Hwloc support:      disabled
Tracing support:    disabled
C compiler:         /usr/bin/cc GNU 11.4.0
C compiler flags:   -fexcess-precision=fast -funroll-all-loops -Wno-missing-field-initializers -O3 -DNDEBUG
C++ compiler:       /usr/bin/c++ GNU 11.4.0
C++ compiler flags: -fexcess-precision=fast -funroll-all-loops -Wno-missing-field-initializers -Wno-cast-function-type-strict -fopenmp -O3 -DNDEBUG
BLAS library:       
LAPACK library:     
CUDA compiler:      /usr/local/cuda-12.2/bin/nvcc nvcc: NVIDIA (R) Cuda compiler driver;Copyright (c) 2005-2023 NVIDIA Corporation;Built on Tue_Jul_11_02:20:44_PDT_2023;Cuda compilation tools, release 12.2, V12.2.128;Build cuda_12.2.r12.2/compiler.33053471_0
CUDA compiler flags:-std=c++17;--generate-code=arch=compute_50,code=sm_50;--generate-code=arch=compute_52,code=sm_52;--generate-code=arch=compute_60,code=sm_60;--generate-code=arch=compute_61,code=sm_61;--generate-code=arch=compute_70,code=sm_70;--generate-code=arch=compute_75,code=sm_75;--generate-code=arch=compute_80,code=sm_80;--generate-code=arch=compute_86,code=sm_86;--generate-code=arch=compute_89,code=sm_89;--generate-code=arch=compute_90,code=sm_90;-Wno-deprecated-gpu-targets;--generate-code=arch=compute_53,code=sm_53;--generate-code=arch=compute_80,code=sm_80;-use_fast_math;-Xptxas;-warn-double-usage;-Xptxas;-Werror;-D_FORCE_INLINES;-fexcess-precision=fast -funroll-all-loops -Wno-missing-field-initializers -Wno-cast-function-type-strict -fopenmp -O3 -DNDEBUG
CUDA driver:        12.20
CUDA runtime:       12.20


Running on 1 node with total 4 cores, 8 processing units, 1 compatible GPU
Hardware detected on host wael-Inspiron-15-7000-Gaming:
  CPU info:
    Vendor: Intel
    Brand:  Intel(R) Core(TM) i7-7700HQ CPU @ 2.80GHz
    Family: 6   Model: 158   Stepping: 9
    Features: aes apic avx avx2 clfsh cmov cx8 cx16 f16c fma htt intel lahf mmx msr nonstop_tsc pcid pclmuldq pdcm pdpe1gb popcnt pse rdrnd rdtscp sse2 sse3 sse4.1 sse4.2 ssse3 tdt x2apic
  Hardware topology: Basic
    Packages, cores, and logical processors:
    [indices refer to OS logical processors]
      Package  0: [   0   4] [   1   5] [   2   6] [   3   7]
    CPU limit set by OS: -1   Recommended max number of threads: 8
  GPU info:
    Number of GPUs detected: 1
    #0: NVIDIA NVIDIA GeForce GTX 1050 Ti, compute cap.: 6.1, ECC:  no, stat: compatible

Likely fastest SIMD instructions supported by all nodes: AVX2_256
SIMD instructions selected at compile time:              None


++++ PLEASE READ AND CITE THE FOLLOWING REFERENCE ++++
M. J. Abraham, T. Murtola, R. Schulz, S. Páll, J. C. Smith, B. Hess, E.
Lindahl
GROMACS: High performance molecular simulations through multi-level
parallelism from laptops to supercomputers
SoftwareX 1 (2015) pp. 19-25
-------- -------- --- Thank You --- -------- --------


++++ PLEASE READ AND CITE THE FOLLOWING REFERENCE ++++
S. Páll, M. J. Abraham, C. Kutzner, B. Hess, E. Lindahl
Tackling Exascale Software Challenges in Molecular Dynamics Simulations with
GROMACS
In S. Markidis & E. Laure (Eds.), Solving Software Challenges for Exascale 8759 (2015) pp. 3-27
-------- -------- --- Thank You --- -------- --------


++++ PLEASE READ AND CITE THE FOLLOWING REFERENCE ++++
S. Pronk, S. Páll, R. Schulz, P. Larsson, P. Bjelkmar, R. Apostolov, M. R.
Shirts, J. C. Smith, P. M. Kasson, D. van der Spoel, B. Hess, and E. Lindahl
GROMACS 4.5: a high-throughput and highly parallel open source molecular
simulation toolkit
Bioinformatics 29 (2013) pp. 845-54
-------- -------- --- Thank You --- -------- --------


++++ PLEASE READ AND CITE THE FOLLOWING REFERENCE ++++
B. Hess and C. Kutzner and D. van der Spoel and E. Lindahl
GROMACS 4: Algorithms for highly efficient, load-balanced, and scalable
molecular simulation
J. Chem. Theory Comput. 4 (2008) pp. 435-447
-------- -------- --- Thank You --- -------- --------


++++ PLEASE READ AND CITE THE FOLLOWING REFERENCE ++++
D. van der Spoel, E. Lindahl, B. Hess, G. Groenhof, A. E. Mark and H. J. C.
Berendsen
GROMACS: Fast, Flexible and Free
J. Comp. Chem. 26 (2005) pp. 1701-1719
-------- -------- --- Thank You --- -------- --------


++++ PLEASE READ AND CITE THE FOLLOWING REFERENCE ++++
E. Lindahl and B. Hess and D. van der Spoel
GROMACS 3.0: A package for molecular simulation and trajectory analysis
J. Mol. Mod. 7 (2001) pp. 306-317
-------- -------- --- Thank You --- -------- --------


++++ PLEASE READ AND CITE THE FOLLOWING REFERENCE ++++
H. J. C. Berendsen, D. van der Spoel and R. van Drunen
GROMACS: A message-passing parallel molecular dynamics implementation
Comp. Phys. Comm. 91 (1995) pp. 43-56
-------- -------- --- Thank You --- -------- --------


++++ PLEASE CITE THE DOI FOR THIS VERSION OF GROMACS ++++
https://doi.org/10.5281/zenodo.8134397
-------- -------- --- Thank You --- -------- --------

Input Parameters:
   integrator                     = md
   tinit                          = 0
   dt                             = 0.002
   nsteps                         = 50000
   init-step                      = 0
   simulation-part                = 1
   mts                            = false
   comm-mode                      = Linear
   nstcomm                        = 100
   bd-fric                        = 0
   ld-seed                        = -6149
   emtol                          = 10
   emstep                         = 0.01
   niter                          = 20
   fcstep                         = 0
   nstcgsteep                     = 1000
   nbfgscorr                      = 10
   rtpi                           = 0.05
   nstxout                        = 0
   nstvout                        = 0
   nstfout                        = 0
   nstlog                         = 500
   nstcalcenergy                  = 100
   nstenergy                      = 500
   nstxout-compressed             = 500
   compressed-x-precision         = 1000
   cutoff-scheme                  = Verlet
   nstlist                        = 20
   pbc                            = xyz
   periodic-molecules             = false
   verlet-buffer-tolerance        = 0.005
   rlist                          = 1.223
   coulombtype                    = PME
   coulomb-modifier               = Potential-shift
   rcoulomb-switch                = 0
   rcoulomb                       = 1.2
   epsilon-r                      = 1
   epsilon-rf                     = inf
   vdw-type                       = Cut-off
   vdw-modifier                   = Force-switch
   rvdw-switch                    = 1
   rvdw                           = 1.2
   DispCorr                       = No
   table-extension                = 1
   fourierspacing                 = 0.16
   fourier-nx                     = 64
   fourier-ny                     = 64
   fourier-nz                     = 64
   pme-order                      = 4
   ewald-rtol                     = 1e-05
   ewald-rtol-lj                  = 0.001
   lj-pme-comb-rule               = Geometric
   ewald-geometry                 = 3d
   epsilon-surface                = 0
   ensemble-temperature-setting   = constant
   ensemble-temperature           = 300
   tcoupl                         = V-rescale
   nsttcouple                     = 10
   nh-chain-length                = 0
   print-nose-hoover-chain-variables = false
   pcoupl                         = Berendsen
   pcoupltype                     = Isotropic
   nstpcouple                     = 100
   tau-p                          = 2
   compressibility (3x3):
      compressibility[    0]={ 4.50000e-05,  0.00000e+00,  0.00000e+00}
      compressibility[    1]={ 0.00000e+00,  4.50000e-05,  0.00000e+00}
      compressibility[    2]={ 0.00000e+00,  0.00000e+00,  4.50000e-05}
   ref-p (3x3):
      ref-p[    0]={ 1.00000e+00,  0.00000e+00,  0.00000e+00}
      ref-p[    1]={ 0.00000e+00,  1.00000e+00,  0.00000e+00}
      ref-p[    2]={ 0.00000e+00,  0.00000e+00,  1.00000e+00}
   refcoord-scaling               = COM
   posres-com (3):
      posres-com[0]= 4.98459e-01
      posres-com[1]= 4.99389e-01
      posres-com[2]= 4.96893e-01
   posres-comB (3):
      posres-comB[0]= 4.98459e-01
      posres-comB[1]= 4.99389e-01
      posres-comB[2]= 4.96893e-01
   QMMM                           = false
qm-opts:
   ngQM                           = 0
   constraint-algorithm           = Lincs
   continuation                   = true
   Shake-SOR                      = false
   shake-tol                      = 0.0001
   lincs-order                    = 4
   lincs-iter                     = 1
   lincs-warnangle                = 30
   nwall                          = 0
   wall-type                      = 9-3
   wall-r-linpot                  = -1
   wall-atomtype[0]               = -1
   wall-atomtype[1]               = -1
   wall-density[0]                = 0
   wall-density[1]                = 0
   wall-ewald-zfac                = 3
   pull                           = false
   awh                            = false
   rotation                       = false
   interactiveMD                  = false
   disre                          = No
   disre-weighting                = Conservative
   disre-mixed                    = false
   dr-fc                          = 1000
   dr-tau                         = 0
   nstdisreout                    = 100
   orire-fc                       = 0
   orire-tau                      = 0
   nstorireout                    = 100
   free-energy                    = no
   cos-acceleration               = 0
   deform (3x3):
      deform[    0]={ 0.00000e+00,  0.00000e+00,  0.00000e+00}
      deform[    1]={ 0.00000e+00,  0.00000e+00,  0.00000e+00}
      deform[    2]={ 0.00000e+00,  0.00000e+00,  0.00000e+00}
   simulated-tempering            = false
   swapcoords                     = no
   userint1                       = 0
   userint2                       = 0
   userint3                       = 0
   userint4                       = 0
   userreal1                      = 0
   userreal2                      = 0
   userreal3                      = 0
   userreal4                      = 0
   applied-forces:
     electric-field:
       x:
         E0                       = 0
         omega                    = 0
         t0                       = 0
         sigma                    = 0
       y:
         E0                       = 0
         omega                    = 0
         t0                       = 0
         sigma                    = 0
       z:
         E0                       = 0
         omega                    = 0
         t0                       = 0
         sigma                    = 0
     density-guided-simulation:
       active                     = false
       group                      = protein
       similarity-measure         = inner-product
       atom-spreading-weight      = unity
       force-constant             = 1e+09
       gaussian-transform-spreading-width = 0.2
       gaussian-transform-spreading-range-in-multiples-of-width = 4
       reference-density-filename = reference.mrc
       nst                        = 1
       normalize-densities        = true
       adaptive-force-scaling     = false
       adaptive-force-scaling-time-constant = 4
       shift-vector               = 
       transformation-matrix      = 
     qmmm-cp2k:
       active                     = false
       qmgroup                    = System
       qmmethod                   = PBE
       qmfilenames                = 
       qmcharge                   = 0
       qmmultiplicity             = 1
grpopts:
   nrdf:     11927.8      167613
   ref-t:         300         300
   tau-t:         0.1         0.1
annealing:          No          No
annealing-npoints:           0           0
   acc:	           0           0           0
   nfreeze:           N           N           N
   energygrp-flags[  0]: 0

Changing nstlist from 20 to 100, rlist from 1.223 to 1.342

Update groups can not be used for this system because atoms that are (in)directly constrained together are interdispersed with other atoms

1 GPU selected for this run.
Mapping of GPU IDs to the 2 GPU tasks in the 1 rank on this node:
  PP:0,PME:0
PP tasks will do (non-perturbed) short-ranged interactions on the GPU
PP task will update and constrain coordinates on the GPU
PME tasks will do all aspects on the GPU
Using 1 MPI thread
Using 8 OpenMP threads 

System total charge: 0.000
Will do PME sum in reciprocal space for electrostatic interactions.

++++ PLEASE READ AND CITE THE FOLLOWING REFERENCE ++++
U. Essmann, L. Perera, M. L. Berkowitz, T. Darden, H. Lee and L. G. Pedersen 
A smooth particle mesh Ewald method
J. Chem. Phys. 103 (1995) pp. 8577-8592
-------- -------- --- Thank You --- -------- --------

Using a Gaussian width (1/beta) of 0.384195 nm for Ewald
Potential shift: LJ r^-12: -2.648e-01 r^-6: -5.349e-01, Ewald -8.333e-06
Initialized non-bonded Coulomb Ewald tables, spacing: 1.02e-03 size: 1176

Generated table with 1171 data points for 1-4 COUL.
Tabscale = 500 points/nm
Generated table with 1171 data points for 1-4 LJ6.
Tabscale = 500 points/nm
Generated table with 1171 data points for 1-4 LJ12.
Tabscale = 500 points/nm


Using GPU 8x8 nonbonded short-range kernels

Using a dual 8x8 pair-list setup updated with dynamic, rolling pruning:
  outer list: updated every 100 steps, buffer 0.142 nm, rlist 1.342 nm
  inner list: updated every  12 steps, buffer 0.004 nm, rlist 1.204 nm
At tolerance 0.005 kJ/mol/ps per atom, equivalent classical 1x1 list would be:
  outer list: updated every 100 steps, buffer 0.295 nm, rlist 1.495 nm
  inner list: updated every  12 steps, buffer 0.053 nm, rlist 1.253 nm

Pinning threads with an auto-selected logical cpu stride of 1

Initializing LINear Constraint Solver

++++ PLEASE READ AND CITE THE FOLLOWING REFERENCE ++++
B. Hess and H. Bekker and H. J. C. Berendsen and J. G. E. M. Fraaije
LINCS: A Linear Constraint Solver for molecular simulations
J. Comp. Chem. 18 (1997) pp. 1463-1472
-------- -------- --- Thank You --- -------- --------

The number of constraints is 2349

++++ PLEASE READ AND CITE THE FOLLOWING REFERENCE ++++
S. Miyamoto and P. A. Kollman
SETTLE: An Analytical Version of the SHAKE and RATTLE Algorithms for Rigid
Water Models
J. Comp. Chem. 13 (1992) pp. 952-962
-------- -------- --- Thank You --- -------- --------


++++ PLEASE READ AND CITE THE FOLLOWING REFERENCE ++++
G. Bussi, D. Donadio and M. Parrinello
Canonical sampling through velocity rescaling
J. Chem. Phys. 126 (2007) pp. 014101
-------- -------- --- Thank You --- -------- --------

There are: 88511 Atoms

Updating coordinates and applying constraints on the GPU.
Center of mass motion removal mode is Linear
We have the following groups for center of mass motion removal:
  0:  rest

Started mdrun on rank 0 Sun Sep  3 03:25:06 2023

           Step           Time
              0        0.00000

   Energies (kJ/mol)
           Bond          Angle            U-B    Proper Dih.  Improper Dih.
    3.77479e+03    3.17227e+02    1.04800e+04    6.85430e+03    6.18437e+02
      CMAP Dih.          LJ-14     Coulomb-14        LJ (SR)   Coulomb (SR)
   -1.61833e+03    3.84348e+03    5.62403e+04    1.63570e+05   -1.42577e+06
   Coul. recip. Position Rest.      Potential    Kinetic En.   Total Energy
    4.29686e+03    1.56319e-10   -1.17739e+06    2.25617e+05   -9.51775e+05
  Conserved En.    Temperature Pressure (bar)   Constr. rmsd
   -9.51849e+05    3.02276e+02    1.15119e+02    0.00000e+00

           Step           Time
            500        1.00000

   Energies (kJ/mol)
           Bond          Angle            U-B    Proper Dih.  Improper Dih.
    3.82341e+03    3.10746e+02    1.02529e+04    6.70870e+03    6.18583e+02
      CMAP Dih.          LJ-14     Coulomb-14        LJ (SR)   Coulomb (SR)
   -1.57018e+03    3.77810e+03    5.62286e+04    1.66621e+05   -1.43123e+06
   Coul. recip. Position Rest.      Potential    Kinetic En.   Total Energy
    4.29004e+03    1.11775e+03   -1.17905e+06    2.23856e+05   -9.55197e+05
  Conserved En.    Temperature Pressure (bar)   Constr. rmsd
   -9.52725e+05    2.99916e+02   -2.52290e+01    0.00000e+00

step  800: timed with pme grid 64 64 64, coulomb cutoff 1.200: 2055.7 M-cycles
step 1000: timed with pme grid 56 56 56, coulomb cutoff 1.290: 2406.4 M-cycles
           Step           Time
           1000        2.00000

   Energies (kJ/mol)
           Bond          Angle            U-B    Proper Dih.  Improper Dih.
    3.79673e+03    3.48473e+02    1.06794e+04    6.79898e+03    6.76343e+02
      CMAP Dih.          LJ-14     Coulomb-14        LJ (SR)   Coulomb (SR)
   -1.64289e+03    3.74708e+03    5.60871e+04    1.66032e+05   -1.42876e+06
   Coul. recip. Position Rest.      Potential    Kinetic En.   Total Energy
    4.14862e+03    1.05694e+03   -1.17703e+06    2.23627e+05   -9.53402e+05
  Conserved En.    Temperature Pressure (bar)   Constr. rmsd
   -9.52707e+05    2.99610e+02    1.65228e+01    0.00000e+00

step 1200: timed with pme grid 60 60 60, coulomb cutoff 1.204: 2126.1 M-cycles
step 1400: timed with pme grid 64 64 64, coulomb cutoff 1.200: 2047.6 M-cycles
              optimal pme grid 64 64 64, coulomb cutoff 1.200
           Step           Time
           1500        3.00000

   Energies (kJ/mol)
           Bond          Angle            U-B    Proper Dih.  Improper Dih.
    3.74800e+03    3.67032e+02    1.03568e+04    6.74766e+03    6.46684e+02
      CMAP Dih.          LJ-14     Coulomb-14        LJ (SR)   Coulomb (SR)
   -1.58383e+03    3.78897e+03    5.60799e+04    1.66338e+05   -1.42885e+06
   Coul. recip. Position Rest.      Potential    Kinetic En.   Total Energy
    4.21622e+03    1.05646e+03   -1.17709e+06    2.22920e+05   -9.54173e+05
  Conserved En.    Temperature Pressure (bar)   Constr. rmsd
   -9.52684e+05    2.98663e+02   -4.02540e+00    0.00000e+00

           Step           Time
           2000        4.00000

   Energies (kJ/mol)
           Bond          Angle            U-B    Proper Dih.  Improper Dih.
    3.97292e+03    3.71655e+02    1.05395e+04    6.84459e+03    6.66579e+02
      CMAP Dih.          LJ-14     Coulomb-14        LJ (SR)   Coulomb (SR)
   -1.57993e+03    3.76029e+03    5.59505e+04    1.65512e+05   -1.42994e+06
   Coul. recip. Position Rest.      Potential    Kinetic En.   Total Energy
    4.21319e+03    1.10904e+03   -1.17858e+06    2.25731e+05   -9.52849e+05
  Conserved En.    Temperature Pressure (bar)   Constr. rmsd
   -9.52656e+05    3.02429e+02   -5.42563e+01    0.00000e+00

           Step           Time
           2500        5.00000

   Energies (kJ/mol)
           Bond          Angle            U-B    Proper Dih.  Improper Dih.
    3.73699e+03    3.58171e+02    1.00378e+04    6.73127e+03    6.47608e+02
      CMAP Dih.          LJ-14     Coulomb-14        LJ (SR)   Coulomb (SR)
   -1.62748e+03    3.83334e+03    5.63682e+04    1.66211e+05   -1.43021e+06
   Coul. recip. Position Rest.      Potential    Kinetic En.   Total Energy
    4.26107e+03    1.05829e+03   -1.17859e+06    2.22723e+05   -9.55872e+05
  Conserved En.    Temperature Pressure (bar)   Constr. rmsd
   -9.52742e+05    2.98399e+02    6.22600e+01    0.00000e+00

           Step           Time
           3000        6.00000

   Energies (kJ/mol)
           Bond          Angle            U-B    Proper Dih.  Improper Dih.
    3.99570e+03    3.43374e+02    1.04792e+04    6.86394e+03    6.58830e+02
      CMAP Dih.          LJ-14     Coulomb-14        LJ (SR)   Coulomb (SR)
   -1.61801e+03    3.66748e+03    5.59425e+04    1.67480e+05   -1.43141e+06
   Coul. recip. Position Rest.      Potential    Kinetic En.   Total Energy
    4.23092e+03    1.10539e+03   -1.17826e+06    2.24504e+05   -9.53757e+05
  Conserved En.    Temperature Pressure (bar)   Constr. rmsd
   -9.52685e+05    3.00786e+02    5.10188e+01    0.00000e+00

           Step           Time
           3500        7.00000

   Energies (kJ/mol)
           Bond          Angle            U-B    Proper Dih.  Improper Dih.
    3.80298e+03    3.28510e+02    1.04107e+04    6.93284e+03    6.45016e+02
      CMAP Dih.          LJ-14     Coulomb-14        LJ (SR)   Coulomb (SR)
   -1.59594e+03    3.69575e+03    5.61361e+04    1.65838e+05   -1.42951e+06
   Coul. recip. Position Rest.      Potential    Kinetic En.   Total Energy
    4.38639e+03    1.14850e+03   -1.17778e+06    2.24720e+05   -9.53057e+05
  Conserved En.    Temperature Pressure (bar)   Constr. rmsd
   -9.52676e+05    3.01074e+02   -1.65981e+01    0.00000e+00

           Step           Time
           4000        8.00000

   Energies (kJ/mol)
           Bond          Angle            U-B    Proper Dih.  Improper Dih.
    3.69975e+03    3.65546e+02    1.01962e+04    6.80646e+03    6.38533e+02
      CMAP Dih.          LJ-14     Coulomb-14        LJ (SR)   Coulomb (SR)
   -1.60249e+03    3.78342e+03    5.60807e+04    1.65768e+05   -1.42992e+06
   Coul. recip. Position Rest.      Potential    Kinetic En.   Total Energy
    4.33806e+03    1.16137e+03   -1.17869e+06    2.25189e+05   -9.53500e+05
  Conserved En.    Temperature Pressure (bar)   Constr. rmsd
   -9.52683e+05    3.01703e+02    2.83235e+01    0.00000e+00

           Step           Time
           4500        9.00000

   Energies (kJ/mol)
           Bond          Angle            U-B    Proper Dih.  Improper Dih.
    3.83967e+03    3.38009e+02    1.03470e+04    6.78695e+03    6.82466e+02
      CMAP Dih.          LJ-14     Coulomb-14        LJ (SR)   Coulomb (SR)
   -1.60644e+03    3.79084e+03    5.59784e+04    1.65765e+05   -1.42674e+06
   Coul. recip. Position Rest.      Potential    Kinetic En.   Total Energy
    4.21102e+03    1.11133e+03   -1.17550e+06    2.23092e+05   -9.52406e+05
  Conserved En.    Temperature Pressure (bar)   Constr. rmsd
   -9.52693e+05    2.98894e+02    3.10477e+01    0.00000e+00

           Step           Time
           5000       10.00000

   Energies (kJ/mol)
           Bond          Angle            U-B    Proper Dih.  Improper Dih.
    3.69653e+03    2.85218e+02    1.04142e+04    6.87282e+03    6.53227e+02
      CMAP Dih.          LJ-14     Coulomb-14        LJ (SR)   Coulomb (SR)
   -1.60697e+03    3.78919e+03    5.61464e+04    1.64305e+05   -1.42790e+06
   Coul. recip. Position Rest.      Potential    Kinetic En.   Total Energy
    4.15656e+03    1.12816e+03   -1.17806e+06    2.24216e+05   -9.53844e+05
  Conserved En.    Temperature Pressure (bar)   Constr. rmsd
   -9.52674e+05    3.00400e+02    6.50486e+00    0.00000e+00

           Step           Time
           5500       11.00000

   Energies (kJ/mol)
           Bond          Angle            U-B    Proper Dih.  Improper Dih.
    3.71511e+03    3.59193e+02    1.02719e+04    6.88320e+03    6.12796e+02
      CMAP Dih.          LJ-14     Coulomb-14        LJ (SR)   Coulomb (SR)
   -1.59824e+03    3.83584e+03    5.62140e+04    1.66592e+05   -1.43181e+06
   Coul. recip. Position Rest.      Potential    Kinetic En.   Total Energy
    4.20330e+03    1.13443e+03   -1.17959e+06    2.23734e+05   -9.55854e+05
  Conserved En.    Temperature Pressure (bar)   Constr. rmsd
   -9.52625e+05    2.99753e+02   -1.88877e+01    0.00000e+00

           Step           Time
           6000       12.00000

   Energies (kJ/mol)
           Bond          Angle            U-B    Proper Dih.  Improper Dih.
    3.91645e+03    3.07588e+02    1.03351e+04    6.79670e+03    6.14033e+02
      CMAP Dih.          LJ-14     Coulomb-14        LJ (SR)   Coulomb (SR)
   -1.56873e+03    3.70182e+03    5.60557e+04    1.66498e+05   -1.42979e+06
   Coul. recip. Position Rest.      Potential    Kinetic En.   Total Energy
    4.23220e+03    1.11614e+03   -1.17779e+06    2.24420e+05   -9.53368e+05
  Conserved En.    Temperature Pressure (bar)   Constr. rmsd
   -9.52638e+05    3.00672e+02   -2.69107e+01    0.00000e+00

           Step           Time
           6500       13.00000

   Energies (kJ/mol)
           Bond          Angle            U-B    Proper Dih.  Improper Dih.
    3.70584e+03    2.85230e+02    1.06309e+04    7.02358e+03    7.22814e+02
      CMAP Dih.          LJ-14     Coulomb-14        LJ (SR)   Coulomb (SR)
   -1.57423e+03    3.84409e+03    5.61056e+04    1.66854e+05   -1.42813e+06
   Coul. recip. Position Rest.      Potential    Kinetic En.   Total Energy
    4.24923e+03    1.19498e+03   -1.17508e+06    2.24359e+05   -9.50726e+05
  Conserved En.    Temperature Pressure (bar)   Constr. rmsd
   -9.52761e+05    3.00590e+02    1.97252e+02    0.00000e+00

           Step           Time
           7000       14.00000

   Energies (kJ/mol)
           Bond          Angle            U-B    Proper Dih.  Improper Dih.
    3.82481e+03    3.22551e+02    1.02732e+04    6.92952e+03    6.62252e+02
      CMAP Dih.          LJ-14     Coulomb-14        LJ (SR)   Coulomb (SR)
   -1.66841e+03    3.79439e+03    5.61279e+04    1.64976e+05   -1.42762e+06
   Coul. recip. Position Rest.      Potential    Kinetic En.   Total Energy
    4.39086e+03    1.16553e+03   -1.17682e+06    2.23889e+05   -9.52929e+05
  Conserved En.    Temperature Pressure (bar)   Constr. rmsd
   -9.52608e+05    2.99961e+02   -5.29415e+01    0.00000e+00

           Step           Time
           7500       15.00000

   Energies (kJ/mol)
           Bond          Angle            U-B    Proper Dih.  Improper Dih.
    3.76250e+03    2.86912e+02    1.03823e+04    6.87257e+03    6.54027e+02
      CMAP Dih.          LJ-14     Coulomb-14        LJ (SR)   Coulomb (SR)
   -1.59192e+03    3.78611e+03    5.61877e+04    1.64136e+05   -1.42602e+06
   Coul. recip. Position Rest.      Potential    Kinetic En.   Total Energy
    4.29940e+03    1.11200e+03   -1.17614e+06    2.25108e+05   -9.51029e+05
  Conserved En.    Temperature Pressure (bar)   Constr. rmsd
   -9.52623e+05    3.01594e+02   -3.18573e+01    0.00000e+00

           Step           Time
           8000       16.00000

   Energies (kJ/mol)
           Bond          Angle            U-B    Proper Dih.  Improper Dih.
    3.77970e+03    3.14963e+02    1.05137e+04    6.90384e+03    6.60492e+02
      CMAP Dih.          LJ-14     Coulomb-14        LJ (SR)   Coulomb (SR)
   -1.61666e+03    3.75390e+03    5.64006e+04    1.68999e+05   -1.43305e+06
   Coul. recip. Position Rest.      Potential    Kinetic En.   Total Energy
    4.30198e+03    1.17891e+03   -1.17786e+06    2.25134e+05   -9.52724e+05
  Conserved En.    Temperature Pressure (bar)   Constr. rmsd
   -9.52748e+05    3.01629e+02    2.33628e+02    0.00000e+00

           Step           Time
           8500       17.00000

   Energies (kJ/mol)
           Bond          Angle            U-B    Proper Dih.  Improper Dih.
    3.90638e+03    3.25813e+02    1.04047e+04    6.83083e+03    6.38013e+02
      CMAP Dih.          LJ-14     Coulomb-14        LJ (SR)   Coulomb (SR)
   -1.62886e+03    3.70237e+03    5.62958e+04    1.64209e+05   -1.42701e+06
   Coul. recip. Position Rest.      Potential    Kinetic En.   Total Energy
    4.22569e+03    1.15703e+03   -1.17695e+06    2.24486e+05   -9.52459e+05
  Conserved En.    Temperature Pressure (bar)   Constr. rmsd
   -9.52527e+05    3.00761e+02   -1.31861e+02    0.00000e+00

           Step           Time
           9000       18.00000

   Energies (kJ/mol)
           Bond          Angle            U-B    Proper Dih.  Improper Dih.
    3.67932e+03    3.12075e+02    1.03340e+04    6.81603e+03    6.32576e+02
      CMAP Dih.          LJ-14     Coulomb-14        LJ (SR)   Coulomb (SR)
   -1.53721e+03    3.82619e+03    5.60646e+04    1.65362e+05   -1.42964e+06
   Coul. recip. Position Rest.      Potential    Kinetic En.   Total Energy
    4.32881e+03    1.14063e+03   -1.17868e+06    2.23131e+05   -9.55545e+05
  Conserved En.    Temperature Pressure (bar)   Constr. rmsd
   -9.52569e+05    2.98946e+02   -2.96624e+01    0.00000e+00

           Step           Time
           9500       19.00000

   Energies (kJ/mol)
           Bond          Angle            U-B    Proper Dih.  Improper Dih.
    3.70621e+03    3.33236e+02    1.05451e+04    6.85086e+03    6.42090e+02
      CMAP Dih.          LJ-14     Coulomb-14        LJ (SR)   Coulomb (SR)
   -1.69782e+03    3.77619e+03    5.60345e+04    1.64792e+05   -1.42733e+06
   Coul. recip. Position Rest.      Potential    Kinetic En.   Total Energy
    4.21404e+03    1.13517e+03   -1.17700e+06    2.22600e+05   -9.54399e+05
  Conserved En.    Temperature Pressure (bar)   Constr. rmsd
   -9.52559e+05    2.98234e+02   -3.75410e+01    0.00000e+00

           Step           Time
          10000       20.00000

   Energies (kJ/mol)
           Bond          Angle            U-B    Proper Dih.  Improper Dih.
    3.80436e+03    2.92676e+02    1.02114e+04    6.92433e+03    6.72849e+02
      CMAP Dih.          LJ-14     Coulomb-14        LJ (SR)   Coulomb (SR)
   -1.66046e+03    3.84014e+03    5.63839e+04    1.66611e+05   -1.42979e+06
   Coul. recip. Position Rest.      Potential    Kinetic En.   Total Energy
    4.24939e+03    1.16822e+03   -1.17729e+06    2.22767e+05   -9.54521e+05
  Conserved En.    Temperature Pressure (bar)   Constr. rmsd
   -9.52610e+05    2.98457e+02    7.71528e+01    0.00000e+00

           Step           Time
          10500       21.00000

   Energies (kJ/mol)
           Bond          Angle            U-B    Proper Dih.  Improper Dih.
    3.78301e+03    3.52039e+02    1.02414e+04    6.87688e+03    6.99444e+02
      CMAP Dih.          LJ-14     Coulomb-14        LJ (SR)   Coulomb (SR)
   -1.67321e+03    3.76765e+03    5.62272e+04    1.64405e+05   -1.42698e+06
   Coul. recip. Position Rest.      Potential    Kinetic En.   Total Energy
    4.20933e+03    1.06473e+03   -1.17703e+06    2.25080e+05   -9.51948e+05
  Conserved En.    Temperature Pressure (bar)   Constr. rmsd
   -9.52575e+05    3.01556e+02   -6.11913e+00    0.00000e+00

           Step           Time
          11000       22.00000

   Energies (kJ/mol)
           Bond          Angle            U-B    Proper Dih.  Improper Dih.
    3.98987e+03    3.15014e+02    1.03268e+04    6.79488e+03    6.41500e+02
      CMAP Dih.          LJ-14     Coulomb-14        LJ (SR)   Coulomb (SR)
   -1.58217e+03    3.83871e+03    5.60256e+04    1.65788e+05   -1.42940e+06
   Coul. recip. Position Rest.      Potential    Kinetic En.   Total Energy
    4.38129e+03    1.12739e+03   -1.17775e+06    2.24764e+05   -9.52986e+05
  Conserved En.    Temperature Pressure (bar)   Constr. rmsd
   -9.52567e+05    3.01134e+02   -9.68066e+00    0.00000e+00

           Step           Time
          11500       23.00000

   Energies (kJ/mol)
           Bond          Angle            U-B    Proper Dih.  Improper Dih.
    3.86794e+03    3.60776e+02    1.06619e+04    6.77981e+03    6.84479e+02
      CMAP Dih.          LJ-14     Coulomb-14        LJ (SR)   Coulomb (SR)
   -1.66178e+03    3.76398e+03    5.60434e+04    1.64990e+05   -1.42644e+06
   Coul. recip. Position Rest.      Potential    Kinetic En.   Total Energy
    4.28465e+03    1.09015e+03   -1.17557e+06    2.24563e+05   -9.51008e+05
  Conserved En.    Temperature Pressure (bar)   Constr. rmsd
   -9.52580e+05    3.00864e+02    8.12186e+01    0.00000e+00

           Step           Time
          12000       24.00000

   Energies (kJ/mol)
           Bond          Angle            U-B    Proper Dih.  Improper Dih.
    3.86677e+03    3.22620e+02    1.04154e+04    6.79419e+03    6.41042e+02
      CMAP Dih.          LJ-14     Coulomb-14        LJ (SR)   Coulomb (SR)
   -1.65675e+03    3.72601e+03    5.62207e+04    1.64592e+05   -1.42694e+06
   Coul. recip. Position Rest.      Potential    Kinetic En.   Total Energy
    4.11867e+03    1.19705e+03   -1.17671e+06    2.24207e+05   -9.52499e+05
  Conserved En.    Temperature Pressure (bar)   Constr. rmsd
   -9.52458e+05    3.00388e+02   -1.18744e+02    0.00000e+00

           Step           Time
          12500       25.00000

   Energies (kJ/mol)
           Bond          Angle            U-B    Proper Dih.  Improper Dih.
    3.95084e+03    3.26952e+02    1.03812e+04    6.92633e+03    6.24701e+02
      CMAP Dih.          LJ-14     Coulomb-14        LJ (SR)   Coulomb (SR)
   -1.63473e+03    3.80816e+03    5.60023e+04    1.64460e+05   -1.42702e+06
   Coul. recip. Position Rest.      Potential    Kinetic En.   Total Energy
    4.36247e+03    1.10375e+03   -1.17671e+06    2.24571e+05   -9.52135e+05
  Conserved En.    Temperature Pressure (bar)   Constr. rmsd
   -9.52448e+05    3.00875e+02   -1.09122e+02    0.00000e+00

           Step           Time
          13000       26.00000

   Energies (kJ/mol)
           Bond          Angle            U-B    Proper Dih.  Improper Dih.
    3.84766e+03    3.21168e+02    1.02782e+04    6.75527e+03    6.13496e+02
      CMAP Dih.          LJ-14     Coulomb-14        LJ (SR)   Coulomb (SR)
   -1.59980e+03    3.77637e+03    5.63984e+04    1.64928e+05   -1.42850e+06
   Coul. recip. Position Rest.      Potential    Kinetic En.   Total Energy
    4.20382e+03    1.15142e+03   -1.17782e+06    2.21769e+05   -9.56056e+05
  Conserved En.    Temperature Pressure (bar)   Constr. rmsd
   -9.52439e+05    2.97121e+02   -1.18847e+02    0.00000e+00

           Step           Time
          13500       27.00000

   Energies (kJ/mol)
           Bond          Angle            U-B    Proper Dih.  Improper Dih.
    3.73662e+03    3.47308e+02    1.04111e+04    6.86916e+03    6.80619e+02
      CMAP Dih.          LJ-14     Coulomb-14        LJ (SR)   Coulomb (SR)
   -1.57613e+03    3.75393e+03    5.60335e+04    1.65097e+05   -1.43019e+06
   Coul. recip. Position Rest.      Potential    Kinetic En.   Total Energy
    4.22046e+03    1.09323e+03   -1.17952e+06    2.23013e+05   -9.56512e+05
  Conserved En.    Temperature Pressure (bar)   Constr. rmsd
   -9.52498e+05    2.98787e+02   -3.09436e+01    0.00000e+00

           Step           Time
          14000       28.00000

   Energies (kJ/mol)
           Bond          Angle            U-B    Proper Dih.  Improper Dih.
    3.79487e+03    3.64489e+02    1.03418e+04    6.86030e+03    6.06368e+02
      CMAP Dih.          LJ-14     Coulomb-14        LJ (SR)   Coulomb (SR)
   -1.56096e+03    3.78249e+03    5.60547e+04    1.64242e+05   -1.42807e+06
   Coul. recip. Position Rest.      Potential    Kinetic En.   Total Energy
    4.26222e+03    1.15347e+03   -1.17817e+06    2.24784e+05   -9.53383e+05
  Conserved En.    Temperature Pressure (bar)   Constr. rmsd
   -9.52418e+05    3.01161e+02   -1.40618e+02    0.00000e+00

           Step           Time
          14500       29.00000

   Energies (kJ/mol)
           Bond          Angle            U-B    Proper Dih.  Improper Dih.
    3.79614e+03    3.69285e+02    1.01369e+04    6.81337e+03    6.08473e+02
      CMAP Dih.          LJ-14     Coulomb-14        LJ (SR)   Coulomb (SR)
   -1.62047e+03    3.73845e+03    5.60569e+04    1.65180e+05   -1.42983e+06
   Coul. recip. Position Rest.      Potential    Kinetic En.   Total Energy
    4.24367e+03    1.17298e+03   -1.17933e+06    2.22736e+05   -9.56599e+05
  Conserved En.    Temperature Pressure (bar)   Constr. rmsd
   -9.52456e+05    2.98416e+02   -7.17125e+01    0.00000e+00

           Step           Time
          15000       30.00000

   Energies (kJ/mol)
           Bond          Angle            U-B    Proper Dih.  Improper Dih.
    3.74173e+03    3.50350e+02    1.07035e+04    6.90282e+03    7.00798e+02
      CMAP Dih.          LJ-14     Coulomb-14        LJ (SR)   Coulomb (SR)
   -1.64610e+03    3.79836e+03    5.60676e+04    1.67829e+05   -1.43036e+06
   Coul. recip. Position Rest.      Potential    Kinetic En.   Total Energy
    4.32669e+03    1.17710e+03   -1.17641e+06    2.23994e+05   -9.52417e+05
  Conserved En.    Temperature Pressure (bar)   Constr. rmsd
   -9.52584e+05    3.00102e+02    1.92004e+02    0.00000e+00

           Step           Time
          15500       31.00000

   Energies (kJ/mol)
           Bond          Angle            U-B    Proper Dih.  Improper Dih.
    3.90762e+03    3.23447e+02    1.05136e+04    6.96877e+03    6.16003e+02
      CMAP Dih.          LJ-14     Coulomb-14        LJ (SR)   Coulomb (SR)
   -1.61162e+03    3.74867e+03    5.62630e+04    1.65572e+05   -1.42884e+06
   Coul. recip. Position Rest.      Potential    Kinetic En.   Total Energy
    4.20709e+03    1.14518e+03   -1.17719e+06    2.25911e+05   -9.51274e+05
  Conserved En.    Temperature Pressure (bar)   Constr. rmsd
   -9.52525e+05    3.02670e+02    7.56777e+01    0.00000e+00

           Step           Time
          16000       32.00000

   Energies (kJ/mol)
           Bond          Angle            U-B    Proper Dih.  Improper Dih.
    3.66956e+03    2.94076e+02    1.03087e+04    6.74872e+03    7.24356e+02
      CMAP Dih.          LJ-14     Coulomb-14        LJ (SR)   Coulomb (SR)
   -1.61727e+03    3.90727e+03    5.62461e+04    1.66654e+05   -1.42951e+06
   Coul. recip. Position Rest.      Potential    Kinetic En.   Total Energy
    4.20273e+03    1.13727e+03   -1.17724e+06    2.23738e+05   -9.53497e+05
  Conserved En.    Temperature Pressure (bar)   Constr. rmsd
   -9.52611e+05    2.99759e+02    2.20378e+02    0.00000e+00

           Step           Time
          16500       33.00000

   Energies (kJ/mol)
           Bond          Angle            U-B    Proper Dih.  Improper Dih.
    3.79805e+03    3.63994e+02    1.02808e+04    6.87836e+03    6.56216e+02
      CMAP Dih.          LJ-14     Coulomb-14        LJ (SR)   Coulomb (SR)
   -1.64153e+03    3.78072e+03    5.61463e+04    1.64890e+05   -1.42812e+06
   Coul. recip. Position Rest.      Potential    Kinetic En.   Total Energy
    4.26009e+03    1.18690e+03   -1.17752e+06    2.25456e+05   -9.52066e+05
  Conserved En.    Temperature Pressure (bar)   Constr. rmsd
   -9.52453e+05    3.02060e+02   -3.83941e+01    0.00000e+00

           Step           Time
          17000       34.00000

   Energies (kJ/mol)
           Bond          Angle            U-B    Proper Dih.  Improper Dih.
    3.78925e+03    3.44961e+02    1.01723e+04    6.78106e+03    6.46353e+02
      CMAP Dih.          LJ-14     Coulomb-14        LJ (SR)   Coulomb (SR)
   -1.64934e+03    3.81868e+03    5.60656e+04    1.65978e+05   -1.42910e+06
   Coul. recip. Position Rest.      Potential    Kinetic En.   Total Energy
    4.20624e+03    1.15340e+03   -1.17780e+06    2.23528e+05   -9.54268e+05
  Conserved En.    Temperature Pressure (bar)   Constr. rmsd
   -9.52510e+05    2.99477e+02    8.47700e+01    0.00000e+00

           Step           Time
          17500       35.00000

   Energies (kJ/mol)
           Bond          Angle            U-B    Proper Dih.  Improper Dih.
    3.69417e+03    2.95198e+02    1.05047e+04    6.83750e+03    6.83358e+02
      CMAP Dih.          LJ-14     Coulomb-14        LJ (SR)   Coulomb (SR)
   -1.58805e+03    3.72180e+03    5.62381e+04    1.66520e+05   -1.43029e+06
   Coul. recip. Position Rest.      Potential    Kinetic En.   Total Energy
    4.26234e+03    1.11707e+03   -1.17800e+06    2.23618e+05   -9.54384e+05
  Conserved En.    Temperature Pressure (bar)   Constr. rmsd
   -9.52491e+05    2.99598e+02    5.08560e+01    0.00000e+00

           Step           Time
          18000       36.00000

   Energies (kJ/mol)
           Bond          Angle            U-B    Proper Dih.  Improper Dih.
    3.88879e+03    3.12103e+02    1.01528e+04    6.93842e+03    6.92424e+02
      CMAP Dih.          LJ-14     Coulomb-14        LJ (SR)   Coulomb (SR)
   -1.64053e+03    3.85180e+03    5.63241e+04    1.65867e+05   -1.42826e+06
   Coul. recip. Position Rest.      Potential    Kinetic En.   Total Energy
    4.37866e+03    1.16908e+03   -1.17632e+06    2.23227e+05   -9.53094e+05
  Conserved En.    Temperature Pressure (bar)   Constr. rmsd
   -9.52435e+05    2.99074e+02   -1.68785e+00    0.00000e+00

           Step           Time
          18500       37.00000

   Energies (kJ/mol)
           Bond          Angle            U-B    Proper Dih.  Improper Dih.
    3.86437e+03    2.78345e+02    1.02050e+04    6.96419e+03    6.67269e+02
      CMAP Dih.          LJ-14     Coulomb-14        LJ (SR)   Coulomb (SR)
   -1.62243e+03    3.82985e+03    5.62775e+04    1.66280e+05   -1.42996e+06
   Coul. recip. Position Rest.      Potential    Kinetic En.   Total Energy
    4.22573e+03    1.17012e+03   -1.17782e+06    2.23860e+05   -9.53962e+05
  Conserved En.    Temperature Pressure (bar)   Constr. rmsd
   -9.52455e+05    2.99923e+02    3.66956e+01    0.00000e+00

           Step           Time
          19000       38.00000

   Energies (kJ/mol)
           Bond          Angle            U-B    Proper Dih.  Improper Dih.
    3.75298e+03    3.60470e+02    1.07042e+04    6.81913e+03    6.23526e+02
      CMAP Dih.          LJ-14     Coulomb-14        LJ (SR)   Coulomb (SR)
   -1.59245e+03    3.73220e+03    5.62394e+04    1.67453e+05   -1.43024e+06
   Coul. recip. Position Rest.      Potential    Kinetic En.   Total Energy
    4.30946e+03    1.11845e+03   -1.17672e+06    2.23428e+05   -9.53291e+05
  Conserved En.    Temperature Pressure (bar)   Constr. rmsd
   -9.52502e+05    2.99343e+02    1.27507e+02    0.00000e+00

           Step           Time
          19500       39.00000

   Energies (kJ/mol)
           Bond          Angle            U-B    Proper Dih.  Improper Dih.
    3.66382e+03    3.60430e+02    1.01332e+04    6.85498e+03    6.39510e+02
      CMAP Dih.          LJ-14     Coulomb-14        LJ (SR)   Coulomb (SR)
   -1.57988e+03    3.80855e+03    5.63685e+04    1.67389e+05   -1.43042e+06
   Coul. recip. Position Rest.      Potential    Kinetic En.   Total Energy
    4.26337e+03    1.12390e+03   -1.17740e+06    2.24314e+05   -9.53082e+05
  Conserved En.    Temperature Pressure (bar)   Constr. rmsd
   -9.52534e+05    3.00531e+02    1.12857e+02    0.00000e+00

           Step           Time
          20000       40.00000

   Energies (kJ/mol)
           Bond          Angle            U-B    Proper Dih.  Improper Dih.
    3.92581e+03    3.02210e+02    1.03984e+04    6.75526e+03    6.56902e+02
      CMAP Dih.          LJ-14     Coulomb-14        LJ (SR)   Coulomb (SR)
   -1.57455e+03    3.76042e+03    5.62857e+04    1.65800e+05   -1.42859e+06
   Coul. recip. Position Rest.      Potential    Kinetic En.   Total Energy
    4.19335e+03    1.11843e+03   -1.17697e+06    2.24315e+05   -9.52656e+05
  Conserved En.    Temperature Pressure (bar)   Constr. rmsd
   -9.52394e+05    3.00532e+02   -3.50900e+01    0.00000e+00

           Step           Time
          20500       41.00000

   Energies (kJ/mol)
           Bond          Angle            U-B    Proper Dih.  Improper Dih.
    3.90035e+03    3.27797e+02    1.02578e+04    6.94534e+03    6.51711e+02
      CMAP Dih.          LJ-14     Coulomb-14        LJ (SR)   Coulomb (SR)
   -1.62029e+03    3.79078e+03    5.60294e+04    1.65254e+05   -1.42612e+06
   Coul. recip. Position Rest.      Potential    Kinetic En.   Total Energy
    4.18270e+03    1.10430e+03   -1.17529e+06    2.23557e+05   -9.51735e+05
  Conserved En.    Temperature Pressure (bar)   Constr. rmsd
   -9.52426e+05    2.99517e+02    2.95569e+01    0.00000e+00

           Step           Time
          21000       42.00000

   Energies (kJ/mol)
           Bond          Angle            U-B    Proper Dih.  Improper Dih.
    3.85739e+03    3.61634e+02    1.01386e+04    6.84837e+03    6.38768e+02
      CMAP Dih.          LJ-14     Coulomb-14        LJ (SR)   Coulomb (SR)
   -1.60738e+03    3.77217e+03    5.63051e+04    1.65203e+05   -1.42904e+06
   Coul. recip. Position Rest.      Potential    Kinetic En.   Total Energy
    4.27766e+03    1.14861e+03   -1.17810e+06    2.23123e+05   -9.54976e+05
  Conserved En.    Temperature Pressure (bar)   Constr. rmsd
   -9.52310e+05    2.98935e+02   -1.12581e+02    0.00000e+00

           Step           Time
          21500       43.00000

   Energies (kJ/mol)
           Bond          Angle            U-B    Proper Dih.  Improper Dih.
    3.77361e+03    3.51702e+02    1.03096e+04    6.88957e+03    7.06191e+02
      CMAP Dih.          LJ-14     Coulomb-14        LJ (SR)   Coulomb (SR)
   -1.66492e+03    3.76293e+03    5.64293e+04    1.67414e+05   -1.43078e+06
   Coul. recip. Position Rest.      Potential    Kinetic En.   Total Energy
    4.24598e+03    1.15247e+03   -1.17741e+06    2.24476e+05   -9.52938e+05
  Conserved En.    Temperature Pressure (bar)   Constr. rmsd
   -9.52423e+05    3.00747e+02    6.63016e+01    0.00000e+00

           Step           Time
          22000       44.00000

   Energies (kJ/mol)
           Bond          Angle            U-B    Proper Dih.  Improper Dih.
    3.82708e+03    3.33265e+02    1.02069e+04    6.80032e+03    6.69703e+02
      CMAP Dih.          LJ-14     Coulomb-14        LJ (SR)   Coulomb (SR)
   -1.60714e+03    3.86885e+03    5.64142e+04    1.65745e+05   -1.42884e+06
   Coul. recip. Position Rest.      Potential    Kinetic En.   Total Energy
    4.12201e+03    1.18791e+03   -1.17727e+06    2.24240e+05   -9.53027e+05
  Conserved En.    Temperature Pressure (bar)   Constr. rmsd
   -9.52376e+05    3.00431e+02    1.43977e+01    0.00000e+00

           Step           Time
          22500       45.00000

   Energies (kJ/mol)
           Bond          Angle            U-B    Proper Dih.  Improper Dih.
    3.92248e+03    2.82828e+02    1.02753e+04    6.78710e+03    6.45704e+02
      CMAP Dih.          LJ-14     Coulomb-14        LJ (SR)   Coulomb (SR)
   -1.60191e+03    3.72557e+03    5.61417e+04    1.66059e+05   -1.43139e+06
   Coul. recip. Position Rest.      Potential    Kinetic En.   Total Energy
    4.25649e+03    1.13732e+03   -1.17976e+06    2.22726e+05   -9.57030e+05
  Conserved En.    Temperature Pressure (bar)   Constr. rmsd
   -9.52333e+05    2.98403e+02   -4.72661e+01    0.00000e+00

           Step           Time
          23000       46.00000

   Energies (kJ/mol)
           Bond          Angle            U-B    Proper Dih.  Improper Dih.
    3.73591e+03    3.08262e+02    1.02470e+04    6.79351e+03    6.45377e+02
      CMAP Dih.          LJ-14     Coulomb-14        LJ (SR)   Coulomb (SR)
   -1.62496e+03    3.75284e+03    5.60184e+04    1.66054e+05   -1.43150e+06
   Coul. recip. Position Rest.      Potential    Kinetic En.   Total Energy
    4.23399e+03    1.13735e+03   -1.18020e+06    2.22959e+05   -9.57240e+05
  Conserved En.    Temperature Pressure (bar)   Constr. rmsd
   -9.52370e+05    2.98716e+02   -3.21766e+01    0.00000e+00

           Step           Time
          23500       47.00000

   Energies (kJ/mol)
           Bond          Angle            U-B    Proper Dih.  Improper Dih.
    3.76000e+03    3.36129e+02    1.02656e+04    6.84741e+03    6.55637e+02
      CMAP Dih.          LJ-14     Coulomb-14        LJ (SR)   Coulomb (SR)
   -1.55669e+03    3.80627e+03    5.59804e+04    1.66095e+05   -1.43004e+06
   Coul. recip. Position Rest.      Potential    Kinetic En.   Total Energy
    4.26808e+03    1.16957e+03   -1.17842e+06    2.23928e+05   -9.54489e+05
  Conserved En.    Temperature Pressure (bar)   Constr. rmsd
   -9.52387e+05    3.00014e+02    7.22373e+00    0.00000e+00

           Step           Time
          24000       48.00000

   Energies (kJ/mol)
           Bond          Angle            U-B    Proper Dih.  Improper Dih.
    3.86856e+03    3.06096e+02    1.03982e+04    6.89324e+03    6.83294e+02
      CMAP Dih.          LJ-14     Coulomb-14        LJ (SR)   Coulomb (SR)
   -1.67124e+03    3.84650e+03    5.60196e+04    1.65657e+05   -1.42940e+06
   Coul. recip. Position Rest.      Potential    Kinetic En.   Total Energy
    4.27630e+03    1.25837e+03   -1.17786e+06    2.22891e+05   -9.54971e+05
  Conserved En.    Temperature Pressure (bar)   Constr. rmsd
   -9.52329e+05    2.98624e+02   -1.49663e+01    0.00000e+00

           Step           Time
          24500       49.00000

   Energies (kJ/mol)
           Bond          Angle            U-B    Proper Dih.  Improper Dih.
    3.84722e+03    2.60894e+02    1.03835e+04    6.78018e+03    6.48950e+02
      CMAP Dih.          LJ-14     Coulomb-14        LJ (SR)   Coulomb (SR)
   -1.59670e+03    3.77782e+03    5.58426e+04    1.65315e+05   -1.42943e+06
   Coul. recip. Position Rest.      Potential    Kinetic En.   Total Energy
    4.25081e+03    1.26016e+03   -1.17866e+06    2.24088e+05   -9.54568e+05
  Conserved En.    Temperature Pressure (bar)   Constr. rmsd
   -9.52258e+05    3.00228e+02   -1.36351e+02    0.00000e+00

           Step           Time
          25000       50.00000

   Energies (kJ/mol)
           Bond          Angle            U-B    Proper Dih.  Improper Dih.
    3.73563e+03    3.23611e+02    1.02312e+04    6.89942e+03    6.99830e+02
      CMAP Dih.          LJ-14     Coulomb-14        LJ (SR)   Coulomb (SR)
   -1.59241e+03    3.82972e+03    5.61518e+04    1.63173e+05   -1.42657e+06
   Coul. recip. Position Rest.      Potential    Kinetic En.   Total Energy
    4.17519e+03    1.16672e+03   -1.17778e+06    2.25686e+05   -9.52090e+05
  Conserved En.    Temperature Pressure (bar)   Constr. rmsd
   -9.52275e+05    3.02368e+02   -1.19373e+02    0.00000e+00

           Step           Time
          25500       51.00000

   Energies (kJ/mol)
           Bond          Angle            U-B    Proper Dih.  Improper Dih.
    3.65249e+03    2.95381e+02    1.04146e+04    6.89598e+03    6.50759e+02
      CMAP Dih.          LJ-14     Coulomb-14        LJ (SR)   Coulomb (SR)
   -1.59726e+03    3.83949e+03    5.62898e+04    1.64189e+05   -1.42693e+06
   Coul. recip. Position Rest.      Potential    Kinetic En.   Total Energy
    4.33004e+03    1.16233e+03   -1.17681e+06    2.22910e+05   -9.53898e+05
  Conserved En.    Temperature Pressure (bar)   Constr. rmsd
   -9.52250e+05    2.98649e+02   -7.18082e+01    0.00000e+00

           Step           Time
          26000       52.00000

   Energies (kJ/mol)
           Bond          Angle            U-B    Proper Dih.  Improper Dih.
    3.73869e+03    3.47884e+02    1.03736e+04    6.82141e+03    6.19896e+02
      CMAP Dih.          LJ-14     Coulomb-14        LJ (SR)   Coulomb (SR)
   -1.57975e+03    3.72821e+03    5.63766e+04    1.63307e+05   -1.42549e+06
   Coul. recip. Position Rest.      Potential    Kinetic En.   Total Energy
    4.25240e+03    1.18443e+03   -1.17632e+06    2.23460e+05   -9.52857e+05
  Conserved En.    Temperature Pressure (bar)   Constr. rmsd
   -9.52256e+05    2.99387e+02   -1.11622e+02    0.00000e+00

           Step           Time
          26500       53.00000

   Energies (kJ/mol)
           Bond          Angle            U-B    Proper Dih.  Improper Dih.
    3.88017e+03    3.28633e+02    1.04545e+04    6.93018e+03    6.60511e+02
      CMAP Dih.          LJ-14     Coulomb-14        LJ (SR)   Coulomb (SR)
   -1.57832e+03    3.83052e+03    5.60545e+04    1.66571e+05   -1.42970e+06
   Coul. recip. Position Rest.      Potential    Kinetic En.   Total Energy
    4.28531e+03    1.10514e+03   -1.17718e+06    2.24705e+05   -9.52471e+05
  Conserved En.    Temperature Pressure (bar)   Constr. rmsd
   -9.52313e+05    3.01054e+02    2.75556e+01    0.00000e+00

           Step           Time
          27000       54.00000

   Energies (kJ/mol)
           Bond          Angle            U-B    Proper Dih.  Improper Dih.
    3.86652e+03    3.20553e+02    1.05907e+04    6.79011e+03    6.26485e+02
      CMAP Dih.          LJ-14     Coulomb-14        LJ (SR)   Coulomb (SR)
   -1.56043e+03    3.81005e+03    5.61716e+04    1.64493e+05   -1.42560e+06
   Coul. recip. Position Rest.      Potential    Kinetic En.   Total Energy
    4.26605e+03    1.13938e+03   -1.17509e+06    2.25625e+05   -9.49464e+05
  Conserved En.    Temperature Pressure (bar)   Constr. rmsd
   -9.52336e+05    3.02287e+02    6.12630e+01    0.00000e+00

           Step           Time
          27500       55.00000

   Energies (kJ/mol)
           Bond          Angle            U-B    Proper Dih.  Improper Dih.
    3.89348e+03    3.14888e+02    1.04059e+04    6.87836e+03    6.25800e+02
      CMAP Dih.          LJ-14     Coulomb-14        LJ (SR)   Coulomb (SR)
   -1.59470e+03    3.78766e+03    5.59766e+04    1.66225e+05   -1.43072e+06
   Coul. recip. Position Rest.      Potential    Kinetic En.   Total Energy
    4.32018e+03    1.18166e+03   -1.17870e+06    2.24926e+05   -9.53778e+05
  Conserved En.    Temperature Pressure (bar)   Constr. rmsd
   -9.52304e+05    3.01350e+02    4.03855e+01    0.00000e+00

           Step           Time
          28000       56.00000

   Energies (kJ/mol)
           Bond          Angle            U-B    Proper Dih.  Improper Dih.
    3.83860e+03    3.19298e+02    1.03932e+04    6.81733e+03    6.67307e+02
      CMAP Dih.          LJ-14     Coulomb-14        LJ (SR)   Coulomb (SR)
   -1.62491e+03    3.64912e+03    5.62877e+04    1.67519e+05   -1.43120e+06
   Coul. recip. Position Rest.      Potential    Kinetic En.   Total Energy
    4.28184e+03    1.16377e+03   -1.17789e+06    2.24001e+05   -9.53887e+05
  Conserved En.    Temperature Pressure (bar)   Constr. rmsd
   -9.52311e+05    3.00111e+02    5.06035e+01    0.00000e+00

           Step           Time
          28500       57.00000

   Energies (kJ/mol)
           Bond          Angle            U-B    Proper Dih.  Improper Dih.
    3.69611e+03    2.90847e+02    1.04988e+04    6.75556e+03    5.99961e+02
      CMAP Dih.          LJ-14     Coulomb-14        LJ (SR)   Coulomb (SR)
   -1.59374e+03    3.78749e+03    5.62092e+04    1.63247e+05   -1.42523e+06
   Coul. recip. Position Rest.      Potential    Kinetic En.   Total Energy
    4.16779e+03    1.21649e+03   -1.17636e+06    2.23196e+05   -9.53163e+05
  Conserved En.    Temperature Pressure (bar)   Constr. rmsd
   -9.52221e+05    2.99033e+02   -6.43532e+01    0.00000e+00

           Step           Time
          29000       58.00000

   Energies (kJ/mol)
           Bond          Angle            U-B    Proper Dih.  Improper Dih.
    3.75985e+03    2.96141e+02    1.03106e+04    6.77842e+03    6.21896e+02
      CMAP Dih.          LJ-14     Coulomb-14        LJ (SR)   Coulomb (SR)
   -1.59828e+03    3.78926e+03    5.61732e+04    1.64998e+05   -1.42750e+06
   Coul. recip. Position Rest.      Potential    Kinetic En.   Total Energy
    4.20645e+03    1.10366e+03   -1.17706e+06    2.22251e+05   -9.54813e+05
  Conserved En.    Temperature Pressure (bar)   Constr. rmsd
   -9.52147e+05    2.97766e+02   -1.33995e+02    0.00000e+00

           Step           Time
          29500       59.00000

   Energies (kJ/mol)
           Bond          Angle            U-B    Proper Dih.  Improper Dih.
    3.75284e+03    3.40955e+02    1.00798e+04    6.74852e+03    6.53740e+02
      CMAP Dih.          LJ-14     Coulomb-14        LJ (SR)   Coulomb (SR)
   -1.58345e+03    3.78000e+03    5.62010e+04    1.64600e+05   -1.42713e+06
   Coul. recip. Position Rest.      Potential    Kinetic En.   Total Energy
    4.22277e+03    1.18235e+03   -1.17715e+06    2.22880e+05   -9.54271e+05
  Conserved En.    Temperature Pressure (bar)   Constr. rmsd
   -9.52191e+05    2.98609e+02   -1.04171e+02    0.00000e+00

           Step           Time
          30000       60.00000

   Energies (kJ/mol)
           Bond          Angle            U-B    Proper Dih.  Improper Dih.
    3.94268e+03    3.07340e+02    1.04486e+04    6.81684e+03    6.60033e+02
      CMAP Dih.          LJ-14     Coulomb-14        LJ (SR)   Coulomb (SR)
   -1.57343e+03    3.76731e+03    5.61809e+04    1.66030e+05   -1.43019e+06
   Coul. recip. Position Rest.      Potential    Kinetic En.   Total Energy
    4.26075e+03    1.10831e+03   -1.17824e+06    2.24000e+05   -9.54242e+05
  Conserved En.    Temperature Pressure (bar)   Constr. rmsd
   -9.52219e+05    3.00110e+02   -2.82003e+01    0.00000e+00

           Step           Time
          30500       61.00000

   Energies (kJ/mol)
           Bond          Angle            U-B    Proper Dih.  Improper Dih.
    3.84869e+03    3.09480e+02    1.03897e+04    6.72498e+03    5.79754e+02
      CMAP Dih.          LJ-14     Coulomb-14        LJ (SR)   Coulomb (SR)
   -1.58386e+03    3.68465e+03    5.61625e+04    1.67224e+05   -1.43127e+06
   Coul. recip. Position Rest.      Potential    Kinetic En.   Total Energy
    4.20615e+03    1.07173e+03   -1.17865e+06    2.23079e+05   -9.55572e+05
  Conserved En.    Temperature Pressure (bar)   Constr. rmsd
   -9.52238e+05    2.98876e+02    5.96022e+01    0.00000e+00

           Step           Time
          31000       62.00000

   Energies (kJ/mol)
           Bond          Angle            U-B    Proper Dih.  Improper Dih.
    3.74744e+03    3.27154e+02    1.01817e+04    6.77251e+03    6.04393e+02
      CMAP Dih.          LJ-14     Coulomb-14        LJ (SR)   Coulomb (SR)
   -1.62074e+03    3.81050e+03    5.61885e+04    1.66662e+05   -1.43030e+06
   Coul. recip. Position Rest.      Potential    Kinetic En.   Total Energy
    4.30448e+03    1.16275e+03   -1.17816e+06    2.23979e+05   -9.54178e+05
  Conserved En.    Temperature Pressure (bar)   Constr. rmsd
   -9.52288e+05    3.00082e+02    8.45983e+01    0.00000e+00

           Step           Time
          31500       63.00000

   Energies (kJ/mol)
           Bond          Angle            U-B    Proper Dih.  Improper Dih.
    3.90604e+03    3.30233e+02    1.03463e+04    6.78959e+03    5.48427e+02
      CMAP Dih.          LJ-14     Coulomb-14        LJ (SR)   Coulomb (SR)
   -1.55012e+03    3.78511e+03    5.60687e+04    1.66003e+05   -1.42870e+06
   Coul. recip. Position Rest.      Potential    Kinetic En.   Total Energy
    4.31956e+03    1.12677e+03   -1.17703e+06    2.22213e+05   -9.54813e+05
  Conserved En.    Temperature Pressure (bar)   Constr. rmsd
   -9.52178e+05    2.97716e+02    7.86138e-01    0.00000e+00

           Step           Time
          32000       64.00000

   Energies (kJ/mol)
           Bond          Angle            U-B    Proper Dih.  Improper Dih.
    3.80593e+03    3.50436e+02    1.01610e+04    6.72414e+03    6.51698e+02
      CMAP Dih.          LJ-14     Coulomb-14        LJ (SR)   Coulomb (SR)
   -1.61177e+03    3.74183e+03    5.60775e+04    1.66372e+05   -1.42962e+06
   Coul. recip. Position Rest.      Potential    Kinetic En.   Total Energy
    4.26204e+03    1.09764e+03   -1.17799e+06    2.23848e+05   -9.54140e+05
  Conserved En.    Temperature Pressure (bar)   Constr. rmsd
   -9.52254e+05    2.99907e+02    5.72811e+01    0.00000e+00

           Step           Time
          32500       65.00000

   Energies (kJ/mol)
           Bond          Angle            U-B    Proper Dih.  Improper Dih.
    3.83573e+03    3.35078e+02    1.02883e+04    6.80756e+03    6.64950e+02
      CMAP Dih.          LJ-14     Coulomb-14        LJ (SR)   Coulomb (SR)
   -1.64298e+03    3.79785e+03    5.60141e+04    1.65933e+05   -1.42855e+06
   Coul. recip. Position Rest.      Potential    Kinetic En.   Total Energy
    4.30675e+03    1.08716e+03   -1.17713e+06    2.23372e+05   -9.53755e+05
  Conserved En.    Temperature Pressure (bar)   Constr. rmsd
   -9.52160e+05    2.99268e+02   -1.85967e+01    0.00000e+00

           Step           Time
          33000       66.00000

   Energies (kJ/mol)
           Bond          Angle            U-B    Proper Dih.  Improper Dih.
    3.91013e+03    3.59626e+02    1.05487e+04    6.75816e+03    6.64922e+02
      CMAP Dih.          LJ-14     Coulomb-14        LJ (SR)   Coulomb (SR)
   -1.57966e+03    3.82057e+03    5.60853e+04    1.65769e+05   -1.42784e+06
   Coul. recip. Position Rest.      Potential    Kinetic En.   Total Energy
    4.28691e+03    1.12162e+03   -1.17609e+06    2.26559e+05   -9.49535e+05
  Conserved En.    Temperature Pressure (bar)   Constr. rmsd
   -9.52220e+05    3.03538e+02    5.09196e+01    0.00000e+00

           Step           Time
          33500       67.00000

   Energies (kJ/mol)
           Bond          Angle            U-B    Proper Dih.  Improper Dih.
    3.83863e+03    3.03696e+02    1.03402e+04    6.75668e+03    6.33177e+02
      CMAP Dih.          LJ-14     Coulomb-14        LJ (SR)   Coulomb (SR)
   -1.62886e+03    3.85822e+03    5.63157e+04    1.66079e+05   -1.42900e+06
   Coul. recip. Position Rest.      Potential    Kinetic En.   Total Energy
    4.30238e+03    1.13936e+03   -1.17706e+06    2.24065e+05   -9.52999e+05
  Conserved En.    Temperature Pressure (bar)   Constr. rmsd
   -9.52213e+05    3.00197e+02    8.48758e+00    0.00000e+00

           Step           Time
          34000       68.00000

   Energies (kJ/mol)
           Bond          Angle            U-B    Proper Dih.  Improper Dih.
    3.86425e+03    3.45983e+02    1.05447e+04    6.73109e+03    6.17330e+02
      CMAP Dih.          LJ-14     Coulomb-14        LJ (SR)   Coulomb (SR)
   -1.62375e+03    3.80819e+03    5.61916e+04    1.67222e+05   -1.43078e+06
   Coul. recip. Position Rest.      Potential    Kinetic En.   Total Energy
    4.29539e+03    1.16779e+03   -1.17762e+06    2.25273e+05   -9.52344e+05
  Conserved En.    Temperature Pressure (bar)   Constr. rmsd
   -9.52178e+05    3.01815e+02    2.68874e+00    0.00000e+00

           Step           Time
          34500       69.00000

   Energies (kJ/mol)
           Bond          Angle            U-B    Proper Dih.  Improper Dih.
    3.78597e+03    2.84842e+02    1.05243e+04    6.89515e+03    6.86543e+02
      CMAP Dih.          LJ-14     Coulomb-14        LJ (SR)   Coulomb (SR)
   -1.64059e+03    3.83398e+03    5.64138e+04    1.65386e+05   -1.42763e+06
   Coul. recip. Position Rest.      Potential    Kinetic En.   Total Energy
    4.27680e+03    1.10379e+03   -1.17608e+06    2.23178e+05   -9.52904e+05
  Conserved En.    Temperature Pressure (bar)   Constr. rmsd
   -9.52223e+05    2.99009e+02    8.04523e+01    0.00000e+00

           Step           Time
          35000       70.00000

   Energies (kJ/mol)
           Bond          Angle            U-B    Proper Dih.  Improper Dih.
    3.88481e+03    2.84975e+02    1.04571e+04    6.82394e+03    6.52799e+02
      CMAP Dih.          LJ-14     Coulomb-14        LJ (SR)   Coulomb (SR)
   -1.61481e+03    3.85223e+03    5.60282e+04    1.65553e+05   -1.42977e+06
   Coul. recip. Position Rest.      Potential    Kinetic En.   Total Energy
    4.33250e+03    1.13268e+03   -1.17838e+06    2.24519e+05   -9.53864e+05
  Conserved En.    Temperature Pressure (bar)   Constr. rmsd
   -9.52171e+05    3.00805e+02    2.46779e+00    0.00000e+00

           Step           Time
          35500       71.00000

   Energies (kJ/mol)
           Bond          Angle            U-B    Proper Dih.  Improper Dih.
    3.57005e+03    2.90560e+02    1.02309e+04    6.81357e+03    6.07291e+02
      CMAP Dih.          LJ-14     Coulomb-14        LJ (SR)   Coulomb (SR)
   -1.64668e+03    3.75532e+03    5.63961e+04    1.65942e+05   -1.42946e+06
   Coul. recip. Position Rest.      Potential    Kinetic En.   Total Energy
    4.16578e+03    1.15311e+03   -1.17818e+06    2.22659e+05   -9.55521e+05
  Conserved En.    Temperature Pressure (bar)   Constr. rmsd
   -9.52156e+05    2.98314e+02    8.70322e+00    0.00000e+00

           Step           Time
          36000       72.00000

   Energies (kJ/mol)
           Bond          Angle            U-B    Proper Dih.  Improper Dih.
    3.92111e+03    3.19778e+02    1.04049e+04    6.79148e+03    6.54411e+02
      CMAP Dih.          LJ-14     Coulomb-14        LJ (SR)   Coulomb (SR)
   -1.55975e+03    3.87166e+03    5.62382e+04    1.66092e+05   -1.42798e+06
   Coul. recip. Position Rest.      Potential    Kinetic En.   Total Energy
    4.35206e+03    1.18629e+03   -1.17571e+06    2.23581e+05   -9.52130e+05
  Conserved En.    Temperature Pressure (bar)   Constr. rmsd
   -9.52235e+05    2.99548e+02    1.88870e+02    0.00000e+00

           Step           Time
          36500       73.00000

   Energies (kJ/mol)
           Bond          Angle            U-B    Proper Dih.  Improper Dih.
    3.89085e+03    3.12477e+02    1.03063e+04    6.78551e+03    6.13780e+02
      CMAP Dih.          LJ-14     Coulomb-14        LJ (SR)   Coulomb (SR)
   -1.61470e+03    3.81944e+03    5.62940e+04    1.64936e+05   -1.42854e+06
   Coul. recip. Position Rest.      Potential    Kinetic En.   Total Energy
    4.30974e+03    1.10649e+03   -1.17778e+06    2.23062e+05   -9.54718e+05
  Conserved En.    Temperature Pressure (bar)   Constr. rmsd
   -9.52139e+05    2.98853e+02    2.73534e+01    0.00000e+00

           Step           Time
          37000       74.00000

   Energies (kJ/mol)
           Bond          Angle            U-B    Proper Dih.  Improper Dih.
    3.86501e+03    2.66451e+02    1.04485e+04    6.85913e+03    6.40986e+02
      CMAP Dih.          LJ-14     Coulomb-14        LJ (SR)   Coulomb (SR)
   -1.61962e+03    3.83519e+03    5.61237e+04    1.66114e+05   -1.42845e+06
   Coul. recip. Position Rest.      Potential    Kinetic En.   Total Energy
    4.35685e+03    1.12621e+03   -1.17643e+06    2.23612e+05   -9.52820e+05
  Conserved En.    Temperature Pressure (bar)   Constr. rmsd
   -9.52184e+05    2.99590e+02    9.49154e+01    0.00000e+00

           Step           Time
          37500       75.00000

   Energies (kJ/mol)
           Bond          Angle            U-B    Proper Dih.  Improper Dih.
    3.91317e+03    3.14948e+02    1.06165e+04    6.76640e+03    7.03830e+02
      CMAP Dih.          LJ-14     Coulomb-14        LJ (SR)   Coulomb (SR)
   -1.61092e+03    3.81344e+03    5.62591e+04    1.65176e+05   -1.42792e+06
   Coul. recip. Position Rest.      Potential    Kinetic En.   Total Energy
    4.27604e+03    1.08274e+03   -1.17661e+06    2.24129e+05   -9.52478e+05
  Conserved En.    Temperature Pressure (bar)   Constr. rmsd
   -9.52108e+05    3.00283e+02    1.75012e+01    0.00000e+00

           Step           Time
          38000       76.00000

   Energies (kJ/mol)
           Bond          Angle            U-B    Proper Dih.  Improper Dih.
    3.83708e+03    3.02170e+02    1.02449e+04    6.77847e+03    6.35233e+02
      CMAP Dih.          LJ-14     Coulomb-14        LJ (SR)   Coulomb (SR)
   -1.56670e+03    3.86887e+03    5.63630e+04    1.65376e+05   -1.42858e+06
   Coul. recip. Position Rest.      Potential    Kinetic En.   Total Energy
    4.29140e+03    1.07169e+03   -1.17738e+06    2.22475e+05   -9.54905e+05
  Conserved En.    Temperature Pressure (bar)   Constr. rmsd
   -9.52037e+05    2.98066e+02   -5.44988e+01    0.00000e+00

           Step           Time
          38500       77.00000

   Energies (kJ/mol)
           Bond          Angle            U-B    Proper Dih.  Improper Dih.
    3.81528e+03    3.42202e+02    1.03583e+04    6.94322e+03    6.66313e+02
      CMAP Dih.          LJ-14     Coulomb-14        LJ (SR)   Coulomb (SR)
   -1.51205e+03    3.72121e+03    5.60808e+04    1.65535e+05   -1.42945e+06
   Coul. recip. Position Rest.      Potential    Kinetic En.   Total Energy
    4.24294e+03    1.11880e+03   -1.17814e+06    2.24507e+05   -9.53629e+05
  Conserved En.    Temperature Pressure (bar)   Constr. rmsd
   -9.52082e+05    3.00790e+02   -2.63226e+01    0.00000e+00

           Step           Time
          39000       78.00000

   Energies (kJ/mol)
           Bond          Angle            U-B    Proper Dih.  Improper Dih.
    3.84364e+03    3.22495e+02    1.04739e+04    6.87803e+03    6.76849e+02
      CMAP Dih.          LJ-14     Coulomb-14        LJ (SR)   Coulomb (SR)
   -1.67884e+03    3.71053e+03    5.62564e+04    1.65810e+05   -1.42979e+06
   Coul. recip. Position Rest.      Potential    Kinetic En.   Total Energy
    4.24422e+03    1.05740e+03   -1.17820e+06    2.24585e+05   -9.53612e+05
  Conserved En.    Temperature Pressure (bar)   Constr. rmsd
   -9.52122e+05    3.00893e+02    4.22666e+01    0.00000e+00

           Step           Time
          39500       79.00000

   Energies (kJ/mol)
           Bond          Angle            U-B    Proper Dih.  Improper Dih.
    3.80496e+03    3.46743e+02    1.03310e+04    6.73303e+03    6.48827e+02
      CMAP Dih.          LJ-14     Coulomb-14        LJ (SR)   Coulomb (SR)
   -1.57598e+03    3.86077e+03    5.61210e+04    1.65528e+05   -1.42673e+06
   Coul. recip. Position Rest.      Potential    Kinetic En.   Total Energy
    4.31145e+03    1.19607e+03   -1.17543e+06    2.23812e+05   -9.51615e+05
  Conserved En.    Temperature Pressure (bar)   Constr. rmsd
   -9.52126e+05    2.99858e+02    4.63354e+01    0.00000e+00

           Step           Time
          40000       80.00000

   Energies (kJ/mol)
           Bond          Angle            U-B    Proper Dih.  Improper Dih.
    3.91378e+03    3.65352e+02    1.04729e+04    6.82848e+03    6.95179e+02
      CMAP Dih.          LJ-14     Coulomb-14        LJ (SR)   Coulomb (SR)
   -1.64001e+03    3.71638e+03    5.60463e+04    1.66620e+05   -1.43000e+06
   Coul. recip. Position Rest.      Potential    Kinetic En.   Total Energy
    4.27407e+03    1.13264e+03   -1.17757e+06    2.23618e+05   -9.53952e+05
  Conserved En.    Temperature Pressure (bar)   Constr. rmsd
   -9.52086e+05    2.99598e+02    4.75757e+01    0.00000e+00

           Step           Time
          40500       81.00000

   Energies (kJ/mol)
           Bond          Angle            U-B    Proper Dih.  Improper Dih.
    3.82483e+03    3.99160e+02    1.01170e+04    6.86683e+03    6.36932e+02
      CMAP Dih.          LJ-14     Coulomb-14        LJ (SR)   Coulomb (SR)
   -1.61731e+03    3.79422e+03    5.64213e+04    1.65862e+05   -1.42893e+06
   Coul. recip. Position Rest.      Potential    Kinetic En.   Total Energy
    4.37519e+03    1.16193e+03   -1.17709e+06    2.25531e+05   -9.51556e+05
  Conserved En.    Temperature Pressure (bar)   Constr. rmsd
   -9.52101e+05    3.02161e+02    9.62666e+00    0.00000e+00

           Step           Time
          41000       82.00000

   Energies (kJ/mol)
           Bond          Angle            U-B    Proper Dih.  Improper Dih.
    3.71577e+03    3.40446e+02    1.01444e+04    6.93521e+03    6.01038e+02
      CMAP Dih.          LJ-14     Coulomb-14        LJ (SR)   Coulomb (SR)
   -1.61717e+03    3.87877e+03    5.62360e+04    1.65439e+05   -1.42920e+06
   Coul. recip. Position Rest.      Potential    Kinetic En.   Total Energy
    4.33018e+03    1.13629e+03   -1.17806e+06    2.23707e+05   -9.54350e+05
  Conserved En.    Temperature Pressure (bar)   Constr. rmsd
   -9.52000e+05    2.99717e+02   -7.77631e+01    0.00000e+00

           Step           Time
          41500       83.00000

   Energies (kJ/mol)
           Bond          Angle            U-B    Proper Dih.  Improper Dih.
    3.66102e+03    3.32685e+02    1.04982e+04    6.92284e+03    6.25534e+02
      CMAP Dih.          LJ-14     Coulomb-14        LJ (SR)   Coulomb (SR)
   -1.56644e+03    3.84687e+03    5.60272e+04    1.66010e+05   -1.42909e+06
   Coul. recip. Position Rest.      Potential    Kinetic En.   Total Energy
    4.39490e+03    1.18176e+03   -1.17715e+06    2.24751e+05   -9.52400e+05
  Conserved En.    Temperature Pressure (bar)   Constr. rmsd
   -9.52113e+05    3.01116e+02    9.23917e+01    0.00000e+00

           Step           Time
          42000       84.00000

   Energies (kJ/mol)
           Bond          Angle            U-B    Proper Dih.  Improper Dih.
    3.87466e+03    3.50968e+02    1.02797e+04    6.85565e+03    6.32987e+02
      CMAP Dih.          LJ-14     Coulomb-14        LJ (SR)   Coulomb (SR)
   -1.60821e+03    3.83730e+03    5.59949e+04    1.65124e+05   -1.42800e+06
   Coul. recip. Position Rest.      Potential    Kinetic En.   Total Energy
    4.26987e+03    1.17079e+03   -1.17722e+06    2.23375e+05   -9.53845e+05
  Conserved En.    Temperature Pressure (bar)   Constr. rmsd
   -9.51968e+05    2.99272e+02   -1.12249e+02    0.00000e+00

           Step           Time
          42500       85.00000

   Energies (kJ/mol)
           Bond          Angle            U-B    Proper Dih.  Improper Dih.
    3.75066e+03    4.05754e+02    1.04236e+04    6.89812e+03    6.77542e+02
      CMAP Dih.          LJ-14     Coulomb-14        LJ (SR)   Coulomb (SR)
   -1.59320e+03    3.74735e+03    5.59516e+04    1.63227e+05   -1.42582e+06
   Coul. recip. Position Rest.      Potential    Kinetic En.   Total Energy
    4.17834e+03    1.15975e+03   -1.17699e+06    2.25736e+05   -9.51258e+05
  Conserved En.    Temperature Pressure (bar)   Constr. rmsd
   -9.51991e+05    3.02435e+02   -1.41221e+02    0.00000e+00

           Step           Time
          43000       86.00000

   Energies (kJ/mol)
           Bond          Angle            U-B    Proper Dih.  Improper Dih.
    3.85761e+03    3.14022e+02    1.02533e+04    6.91281e+03    6.61281e+02
      CMAP Dih.          LJ-14     Coulomb-14        LJ (SR)   Coulomb (SR)
   -1.62156e+03    3.69957e+03    5.62110e+04    1.64769e+05   -1.42721e+06
   Coul. recip. Position Rest.      Potential    Kinetic En.   Total Energy
    4.16015e+03    1.10836e+03   -1.17689e+06    2.24588e+05   -9.52298e+05
  Conserved En.    Temperature Pressure (bar)   Constr. rmsd
   -9.52030e+05    3.00897e+02   -5.71918e+01    0.00000e+00

           Step           Time
          43500       87.00000

   Energies (kJ/mol)
           Bond          Angle            U-B    Proper Dih.  Improper Dih.
    3.75621e+03    3.23310e+02    1.03338e+04    6.84044e+03    6.65973e+02
      CMAP Dih.          LJ-14     Coulomb-14        LJ (SR)   Coulomb (SR)
   -1.61368e+03    3.70722e+03    5.63959e+04    1.65731e+05   -1.42954e+06
   Coul. recip. Position Rest.      Potential    Kinetic En.   Total Energy
    4.29108e+03    1.19255e+03   -1.17791e+06    2.24247e+05   -9.53667e+05
  Conserved En.    Temperature Pressure (bar)   Constr. rmsd
   -9.52022e+05    3.00441e+02   -1.57145e+01    0.00000e+00

           Step           Time
          44000       88.00000

   Energies (kJ/mol)
           Bond          Angle            U-B    Proper Dih.  Improper Dih.
    3.88841e+03    2.99048e+02    1.05086e+04    6.91957e+03    6.21139e+02
      CMAP Dih.          LJ-14     Coulomb-14        LJ (SR)   Coulomb (SR)
   -1.62473e+03    3.77609e+03    5.62164e+04    1.66544e+05   -1.42946e+06
   Coul. recip. Position Rest.      Potential    Kinetic En.   Total Energy
    4.22933e+03    1.09320e+03   -1.17699e+06    2.23782e+05   -9.53207e+05
  Conserved En.    Temperature Pressure (bar)   Constr. rmsd
   -9.52044e+05    2.99817e+02    7.07310e+01    0.00000e+00

           Step           Time
          44500       89.00000

   Energies (kJ/mol)
           Bond          Angle            U-B    Proper Dih.  Improper Dih.
    3.96719e+03    3.03674e+02    1.04541e+04    6.77347e+03    6.13007e+02
      CMAP Dih.          LJ-14     Coulomb-14        LJ (SR)   Coulomb (SR)
   -1.57830e+03    3.76410e+03    5.61621e+04    1.65278e+05   -1.42859e+06
   Coul. recip. Position Rest.      Potential    Kinetic En.   Total Energy
    4.26748e+03    1.11932e+03   -1.17746e+06    2.23364e+05   -9.54099e+05
  Conserved En.    Temperature Pressure (bar)   Constr. rmsd
   -9.51980e+05    2.99258e+02   -2.03685e+01    0.00000e+00

           Step           Time
          45000       90.00000

   Energies (kJ/mol)
           Bond          Angle            U-B    Proper Dih.  Improper Dih.
    3.88240e+03    3.23408e+02    1.03330e+04    6.95720e+03    6.08064e+02
      CMAP Dih.          LJ-14     Coulomb-14        LJ (SR)   Coulomb (SR)
   -1.61833e+03    3.75621e+03    5.64102e+04    1.67164e+05   -1.43113e+06
   Coul. recip. Position Rest.      Potential    Kinetic En.   Total Energy
    4.30832e+03    1.13320e+03   -1.17788e+06    2.23784e+05   -9.54092e+05
  Conserved En.    Temperature Pressure (bar)   Constr. rmsd
   -9.52053e+05    2.99821e+02    1.00350e+02    0.00000e+00

           Step           Time
          45500       91.00000

   Energies (kJ/mol)
           Bond          Angle            U-B    Proper Dih.  Improper Dih.
    3.94884e+03    3.45182e+02    1.04972e+04    6.87005e+03    6.25760e+02
      CMAP Dih.          LJ-14     Coulomb-14        LJ (SR)   Coulomb (SR)
   -1.60525e+03    3.68533e+03    5.56306e+04    1.63576e+05   -1.42767e+06
   Coul. recip. Position Rest.      Potential    Kinetic En.   Total Energy
    4.29713e+03    1.16946e+03   -1.17863e+06    2.23697e+05   -9.54931e+05
  Conserved En.    Temperature Pressure (bar)   Constr. rmsd
   -9.51882e+05    2.99703e+02   -1.75917e+02    0.00000e+00

           Step           Time
          46000       92.00000

   Energies (kJ/mol)
           Bond          Angle            U-B    Proper Dih.  Improper Dih.
    3.89257e+03    3.41539e+02    1.06458e+04    6.85789e+03    6.34238e+02
      CMAP Dih.          LJ-14     Coulomb-14        LJ (SR)   Coulomb (SR)
   -1.64549e+03    3.75736e+03    5.61937e+04    1.65047e+05   -1.42772e+06
   Coul. recip. Position Rest.      Potential    Kinetic En.   Total Energy
    4.24952e+03    1.14106e+03   -1.17661e+06    2.23196e+05   -9.53411e+05
  Conserved En.    Temperature Pressure (bar)   Constr. rmsd
   -9.51947e+05    2.99033e+02   -2.86430e+01    0.00000e+00

           Step           Time
          46500       93.00000

   Energies (kJ/mol)
           Bond          Angle            U-B    Proper Dih.  Improper Dih.
    3.82353e+03    3.41270e+02    1.03037e+04    6.81060e+03    6.34725e+02
      CMAP Dih.          LJ-14     Coulomb-14        LJ (SR)   Coulomb (SR)
   -1.60971e+03    3.84668e+03    5.63591e+04    1.65899e+05   -1.42904e+06
   Coul. recip. Position Rest.      Potential    Kinetic En.   Total Energy
    4.17313e+03    1.20843e+03   -1.17725e+06    2.23023e+05   -9.54230e+05
  Conserved En.    Temperature Pressure (bar)   Constr. rmsd
   -9.52018e+05    2.98801e+02    4.37341e+01    0.00000e+00

           Step           Time
          47000       94.00000

   Energies (kJ/mol)
           Bond          Angle            U-B    Proper Dih.  Improper Dih.
    3.64629e+03    3.41943e+02    1.05235e+04    6.80822e+03    6.69070e+02
      CMAP Dih.          LJ-14     Coulomb-14        LJ (SR)   Coulomb (SR)
   -1.66782e+03    3.77896e+03    5.64297e+04    1.65581e+05   -1.42828e+06
   Coul. recip. Position Rest.      Potential    Kinetic En.   Total Energy
    4.21605e+03    1.14820e+03   -1.17681e+06    2.23276e+05   -9.53534e+05
  Conserved En.    Temperature Pressure (bar)   Constr. rmsd
   -9.52034e+05    2.99140e+02    9.76546e+01    0.00000e+00

           Step           Time
          47500       95.00000

   Energies (kJ/mol)
           Bond          Angle            U-B    Proper Dih.  Improper Dih.
    3.81091e+03    3.42639e+02    1.05131e+04    7.03323e+03    6.45235e+02
      CMAP Dih.          LJ-14     Coulomb-14        LJ (SR)   Coulomb (SR)
   -1.72850e+03    3.79131e+03    5.60779e+04    1.65984e+05   -1.42953e+06
   Coul. recip. Position Rest.      Potential    Kinetic En.   Total Energy
    4.21282e+03    1.14548e+03   -1.17770e+06    2.23247e+05   -9.54455e+05
  Conserved En.    Temperature Pressure (bar)   Constr. rmsd
   -9.52029e+05    2.99101e+02    1.17064e+02    0.00000e+00

           Step           Time
          48000       96.00000

   Energies (kJ/mol)
           Bond          Angle            U-B    Proper Dih.  Improper Dih.
    3.74920e+03    3.16277e+02    1.03879e+04    6.87830e+03    6.44178e+02
      CMAP Dih.          LJ-14     Coulomb-14        LJ (SR)   Coulomb (SR)
   -1.63848e+03    3.79330e+03    5.61891e+04    1.66940e+05   -1.43085e+06
   Coul. recip. Position Rest.      Potential    Kinetic En.   Total Energy
    4.24840e+03    1.11603e+03   -1.17823e+06    2.22402e+05   -9.55826e+05
  Conserved En.    Temperature Pressure (bar)   Constr. rmsd
   -9.52071e+05    2.97969e+02    1.83181e+02    0.00000e+00

           Step           Time
          48500       97.00000

   Energies (kJ/mol)
           Bond          Angle            U-B    Proper Dih.  Improper Dih.
    3.72763e+03    2.92493e+02    1.03556e+04    6.89603e+03    6.65146e+02
      CMAP Dih.          LJ-14     Coulomb-14        LJ (SR)   Coulomb (SR)
   -1.62585e+03    3.83294e+03    5.62146e+04    1.64333e+05   -1.42688e+06
   Coul. recip. Position Rest.      Potential    Kinetic En.   Total Energy
    4.25557e+03    1.11639e+03   -1.17681e+06    2.25468e+05   -9.51345e+05
  Conserved En.    Temperature Pressure (bar)   Constr. rmsd
   -9.51954e+05    3.02076e+02   -6.13878e+01    0.00000e+00

           Step           Time
          49000       98.00000

   Energies (kJ/mol)
           Bond          Angle            U-B    Proper Dih.  Improper Dih.
    3.86524e+03    3.24187e+02    1.03266e+04    6.85410e+03    6.37793e+02
      CMAP Dih.          LJ-14     Coulomb-14        LJ (SR)   Coulomb (SR)
   -1.59629e+03    3.76094e+03    5.62185e+04    1.65357e+05   -1.43023e+06
   Coul. recip. Position Rest.      Potential    Kinetic En.   Total Energy
    4.19235e+03    1.12463e+03   -1.17916e+06    2.24032e+05   -9.55132e+05
  Conserved En.    Temperature Pressure (bar)   Constr. rmsd
   -9.51921e+05    3.00153e+02   -1.59333e+01    0.00000e+00

           Step           Time
          49500       99.00000

   Energies (kJ/mol)
           Bond          Angle            U-B    Proper Dih.  Improper Dih.
    3.81028e+03    3.29703e+02    1.03035e+04    6.86665e+03    6.37037e+02
      CMAP Dih.          LJ-14     Coulomb-14        LJ (SR)   Coulomb (SR)
   -1.61391e+03    3.88990e+03    5.63326e+04    1.65331e+05   -1.42963e+06
   Coul. recip. Position Rest.      Potential    Kinetic En.   Total Energy
    4.23942e+03    1.17023e+03   -1.17833e+06    2.25033e+05   -9.53299e+05
  Conserved En.    Temperature Pressure (bar)   Constr. rmsd
   -9.51971e+05    3.01494e+02    3.77458e+01    0.00000e+00

           Step           Time
          50000      100.00000

Writing checkpoint, step 50000 at Sun Sep  3 03:31:20 2023


   Energies (kJ/mol)
           Bond          Angle            U-B    Proper Dih.  Improper Dih.
    3.75987e+03    3.21250e+02    1.04893e+04    6.87413e+03    6.61156e+02
      CMAP Dih.          LJ-14     Coulomb-14        LJ (SR)   Coulomb (SR)
   -1.61774e+03    3.95834e+03    5.61968e+04    1.65812e+05   -1.42695e+06
   Coul. recip. Position Rest.      Potential    Kinetic En.   Total Energy
    4.29932e+03    1.13054e+03   -1.17506e+06    2.25855e+05   -9.49208e+05
  Conserved En.    Temperature Pressure (bar)   Constr. rmsd
   -9.52011e+05    3.02595e+02    9.48466e+01    0.00000e+00


Energy conservation over simulation part #1 of length 100 ps, time 0 to 100 ps
  Conserved energy drift: -1.84e-05 kJ/mol/ps per atom


	<======  ###############  ==>
	<====  A V E R A G E S  ====>
	<==  ###############  ======>

	Statistics over 50001 steps using 501 frames

   Energies (kJ/mol)
           Bond          Angle            U-B    Proper Dih.  Improper Dih.
    3.81415e+03    3.26033e+02    1.03666e+04    6.85238e+03    6.48680e+02
      CMAP Dih.          LJ-14     Coulomb-14        LJ (SR)   Coulomb (SR)
   -1.61013e+03    3.78120e+03    5.61665e+04    1.65637e+05   -1.42880e+06
   Coul. recip. Position Rest.      Potential    Kinetic En.   Total Energy
    4.24784e+03    1.13583e+03   -1.17743e+06    2.23902e+05   -9.53527e+05
  Conserved En.    Temperature Pressure (bar)   Constr. rmsd
   -9.52326e+05    2.99978e+02    3.02125e+00    0.00000e+00

          Box-X          Box-Y          Box-Z
    9.64106e+00    9.64106e+00    9.64106e+00

   Total Virial (kJ/mol)
    7.45414e+04   -2.67684e+02   -3.21177e+02
   -2.67698e+02    7.46428e+04   -3.11180e+02
   -3.21160e+02   -3.11173e+02    7.44747e+04

   Pressure (bar)
    3.28595e+00    9.83631e+00    1.26185e+01
    9.83685e+00    7.90993e-02    1.15332e+01
    1.26179e+01    1.15330e+01    5.69870e+00

  T-Protein_LIGT-Water_and_ions
    3.00113e+02    2.99969e+02


	M E G A - F L O P S   A C C O U N T I N G

 NB=Group-cutoff nonbonded kernels    NxN=N-by-N cluster Verlet kernels
 RF=Reaction-Field  VdW=Van der Waals  QSTab=quadratic-spline table
 W3=SPC/TIP3p  W4=TIP4p (single or pairs)
 V&F=Potential and force  V=Potential only  F=Force only

 Computing:                               M-Number         M-Flops  % Flops
-----------------------------------------------------------------------------
 Pair Search distance check            5021.223846       45191.015     0.0
 NxN Ewald Elec. + LJ [F]           5523436.581696   430828053.372    98.3
 NxN Ewald Elec. + LJ [V&F]           55903.570496     7211560.594     1.6
 1,4 nonbonded interactions             622.762455       56048.621     0.0
 Shift-X                                 44.344011         266.064     0.0
 Bonds                                  123.302466        7274.845     0.0
 Angles                                   7.050141        1184.424     0.0
 Propers                                535.610712      122654.853     0.0
 Impropers                               41.600832        8652.973     0.0
 Pos. Restr.                            120.502410        6025.120     0.0
 Virial                                  44.366556         798.598     0.0
 Stop-CM                                 44.344011         443.440     0.0
 P-Coupling                              44.344011         266.064     0.0
 Calc-Ekin                              885.287022       23902.750     0.0
 CMAP                                    15.200304       25840.517     0.0
 Urey-Bradley                           426.108522       77977.860     0.0
-----------------------------------------------------------------------------
 Total                                               438416141.110   100.0
-----------------------------------------------------------------------------


      R E A L   C Y C L E   A N D   T I M E   A C C O U N T I N G

On 1 MPI rank, each using 8 OpenMP threads

 Activity:              Num   Num      Call    Wall time         Giga-Cycles
                        Ranks Threads  Count      (s)         total sum    %
--------------------------------------------------------------------------------
 Neighbor search           1    8        501       8.592        193.008   2.3
 Launch PP GPU ops.        1    8      99501       2.386         53.595   0.6
 Force                     1    8      50001      38.433        863.352  10.3
 PME GPU mesh              1    8      50001       1.968         44.210   0.5
 Wait GPU NB local         1    8      49500       0.004          0.095   0.0
 Wait GPU state copy       1    8      62003     312.220       7013.613  83.5
 NB X/F buffer ops.        1    8        501       0.076          1.702   0.0
 Write traj.               1    8        101       1.118         25.106   0.3
 Rest                                              9.341        209.843   2.5
--------------------------------------------------------------------------------
 Total                                           374.139       8404.524 100.0
--------------------------------------------------------------------------------
 Breakdown of PME mesh activities
--------------------------------------------------------------------------------
 Wait PME GPU gather       1    8      50001       0.008          0.183   0.0
 Reduce GPU PME F          1    8      50001       0.047          1.060   0.0
 Launch PME GPU ops.       1    8     450009       1.833         41.171   0.5
--------------------------------------------------------------------------------

               Core t (s)   Wall t (s)        (%)
       Time:     2993.091      374.139      800.0
                 (ns/day)    (hour/ns)
Performance:       23.094        1.039
Finished mdrun on rank 0 Sun Sep  3 03:31:21 2023

